1564547677.0
1564119637.0
1563584757.0
1563279330.0
1562994468.0
1562586923.0
1562250183.0
1562210445.0
1562116665.0
1561794951.0
1561517987.0
1561348834.0
1561107584.0
1560769090.0
1560592935.0
1560479005.0
1559754278.0
1559229685.0
1558920584.0
1558455562.0
1558366990.0
1558164992.0
1558052270.0
1558012163.0
1557985161.0
1557834818.0
1557475884.0
1557230860.0
1557162866.0
1557078585.0
1557025472.0
1556958306.0
1556933333.0
1556803088.0
1556682152.0
1556289486.0
1556169805.0
1555938682.0
1555326515.0
1555208615.0
1553585977.0
1553308083.0
1553070774.0
1552883411.0
1552648229.0
1552372624.0
1551747801.0
1551494479.0
1551014570.0
1550819577.0
1550403401.0
1550279902.0
1550248236.0
1549821218.0
1548513661.0
1548042558.0
1547117106.0
1546486485.0
1545829909.0
1545630405.0
1545274116.0
1545066723.0
1544952505.0
1543791526.0
1543306690.0
1543209158.0
1541920020.0
1541074956.0
1540850288.0
1540439586.0
1540391334.0
1539534767.0
1539173385.0
1537513209.0
1537234009.0
1536979406.0
1536408265.0
1535981425.0
1535723652.0
1535260215.0
1534911973.0
1534603345.0
1534328356.0
1533978614.0
1533866994.0
1533542179.0
1533520788.0
1533470492.0
1533293730.0
1533029237.0
1532851225.0
1532774696.0
1532519453.0
1532392690.0
1532106947.0
1531905664.0
1531749056.0
1531707145.0
1531638034.0
1531328526.0
1531093846.0
1530897048.0
1530774137.0
1530685542.0
1530577928.0
1530445543.0
1530266500.0
1530260469.0
1530172742.0
1530017775.0
1529889500.0
1529816318.0
1529738403.0
1529723101.0
1529679977.0
1529585817.0
1529469541.0
1529369130.0
1529260770.0
1529199750.0
1529130237.0
1529079373.0
1528973325.0
1528237244.0
1527836957.0
1527607112.0
1526982282.0
1526532814.0
1526171933.0
1525855690.0
1525657225.0
1525402531.0
1525339839.0
1525261052.0
1525092986.0
1524737906.0
1524383768.0
1524111369.0
1523849005.0
1523548497.0
1523483048.0
1523409539.0
1523375494.0
1523359675.0
1523355850.0
1523169211.0
1522900626.0
1522467589.0
1522215392.0
1521865877.0
1521646795.0
1521309556.0
1521039906.0
1520934892.0
1520854599.0
1520753349.0
1520345823.0
1520278979.0
1520235240.0
1520181298.0
1520131946.0
1520091041.0
1520060439.0
1519829902.0
1519651737.0
1519201033.0
1518425867.0
1517630869.0
1516952565.0
1515469064.0
1515304869.0
1514986727.0
1514525338.0
1513776974.0
1512985042.0
1512688391.0
1512475927.0
1512273925.0
1512106533.0
1511859825.0
1510620368.0
1509492763.0
1508604078.0
1506856108.0
1505979100.0
1505925602.0
1505792483.0
1505636079.0
1505208208.0
1504661678.0
1503578780.0
1499742924.0
1498737999.0
1498354941.0
1498267907.0
1498211665.0
1498189829.0
1498112056.0
1498103196.0
