1564935108.0
1564914340.0
1564895120.0
1564850077.0
1564836148.0
1564819330.0
1564811941.0
1564808196.0
1564798412.0
1564756414.0
1564740687.0
1564725912.0
1564714336.0
1564707844.0
1564667602.0
1564645984.0
1564636364.0
1564630654.0
1564623020.0
1564595750.0
1564588700.0
1564566924.0
1564541404.0
1564514071.0
1564486885.0
1564476595.0
1564472888.0
1564462136.0
1564456959.0
1564417257.0
1564395893.0
1564381540.0
1564360957.0
1564318011.0
1564310320.0
1564301424.0
1564287662.0
1564282085.0
1564260358.0
1564239281.0
1564229781.0
1564224702.0
1564217366.0
1564210666.0
1564199625.0
1564166673.0
1564149684.0
1564142357.0
1564140892.0
1564134281.0
1564124114.0
1564120942.0
1564110796.0
1564104967.0
1564102596.0
1564094585.0
1564073072.0
1564057710.0
1564055222.0
1564046649.0
1564030065.0
1564022791.0
1563986335.0
1563976237.0
1563967841.0
1563951487.0
1563935551.0
1563917083.0
1563877252.0
1563841766.0
1563806287.0
1563790708.0
1563781044.0
1563761902.0
1563751708.0
1563719508.0
1563708237.0
1563697983.0
1563682045.0
1563672298.0
1563632957.0
1563617217.0
1563600535.0
1563583625.0
1563541401.0
1563532172.0
1563528791.0
1563526716.0
1563518789.0
1563503073.0
1563493011.0
1563461964.0
1563445115.0
1563430946.0
1563422116.0
1563418433.0
1563412799.0
1563403137.0
1563355487.0
1563342745.0
1563331009.0
1563325571.0
1563321408.0
1563283347.0
1563266161.0
1563253156.0
1563250892.0
1563241229.0
1563210941.0
1563191681.0
1563177880.0
1563162360.0
1563156148.0
1563117521.0
1563101125.0
1563087172.0
1563079827.0
1563074453.0
1563072884.0
1563061948.0
1563034020.0
1563013577.0
1562992030.0
1562978998.0
1562946752.0
1562929319.0
1562920180.0
1562912726.0
1562904096.0
1562900365.0
1562891381.0
1562857144.0
1562842761.0
1562834364.0
1562819703.0
1562815829.0
1562813367.0
1562806631.0
1562783546.0
1562763615.0
1562757582.0
1562753800.0
1562739151.0
1562736712.0
1562730306.0
1562723470.0
1562721164.0
1562693256.0
1562683615.0
1562677422.0
1562668255.0
1562662053.0
1562655286.0
1562647223.0
1562641605.0
1562634093.0
1562623007.0
1562595134.0
1562575410.0
1562573354.0
1562563467.0
1562556487.0
1562547156.0
1562490320.0
1562477843.0
1562463099.0
1562431991.0
1562417863.0
1562406791.0
1562393960.0
1562384525.0
1562378548.0
1562333733.0
1562321336.0
1562307570.0
1562294036.0
1562290709.0
1562263094.0
1562247425.0
1562213701.0
1562206826.0
1562203612.0
1562185014.0
1562156991.0
1562125316.0
1562120857.0
