1564821235.0
1564718124.0
1564711989.0
1564644008.0
1564567145.0
1564235332.0
1564035858.0
1563906449.0
1562993829.0
1562728744.0
1562428321.0
1562215507.0
1561881212.0
1561754565.0
1561719483.0
1561632856.0
1561553888.0
1561518735.0
1561509664.0
1561342910.0
1561268779.0
1560992969.0
1560785385.0
1560696598.0
1560178559.0
1559824996.0
1559792146.0
1559548247.0
1559404142.0
1559283528.0
1558909916.0
1558748569.0
1558523455.0
1558052824.0
1557816685.0
1557597764.0
1557413732.0
1557359095.0
1557296961.0
1557271895.0
1557027811.0
1556940344.0
1556613096.0
1556264698.0
1556102694.0
1555852006.0
1555806432.0
1555642318.0
1555474549.0
1555388372.0
1555313962.0
1555233434.0
1555166557.0
1555073907.0
1555051680.0
1554970373.0
1554938076.0
1554896512.0
1554886518.0
1554875527.0
1554867778.0
1554836055.0
1554822283.0
1554794674.0
1554771950.0
1554740206.0
1554711388.0
1554691104.0
1554627241.0
1554618521.0
1554602764.0
1554540316.0
1554311301.0
1554100609.0
1553824289.0
1553440112.0
1553393246.0
1552982216.0
1552957935.0
1552905203.0
1552895756.0
1552810519.0
1552629172.0
1552524473.0
1552093440.0
1551643223.0
1551222534.0
1551099146.0
1550921592.0
1550740220.0
1550429390.0
1550358323.0
1549523562.0
1548992494.0
1548884853.0
1548746115.0
1548496856.0
1548378496.0
1548320774.0
1548301310.0
1548226134.0
1548056759.0
1547885076.0
1547746931.0
1547265239.0
1546913994.0
1546769690.0
1546572424.0
1546512466.0
1546213883.0
1546053826.0
1546053825.0
1546053824.0
1546053823.0
1546053822.0
1546053821.0
1546053820.0
1545963080.0
1545793758.0
1545721925.0
1545639501.0
1545544087.0
1545207936.0
1544885058.0
1544523306.0
1543485920.0
1542812438.0
1542502469.0
1542180424.0
1542083146.0
1542029343.0
1541970319.0
1541578394.0
1541516104.0
1541499133.0
1541178773.0
1540772593.0
1539856069.0
1539574451.0
1539416879.0
1539145095.0
1538924870.0
1538714678.0
1538188873.0
1538100090.0
1538043480.0
1537919254.0
1537767013.0
1537512469.0
1537326475.0
1537252735.0
1537159271.0
1536735935.0
1536330930.0
1536220139.0
1536136822.0
1536043799.0
1535641605.0
1535329097.0
1534934313.0
1534866501.0
1534812959.0
1534738003.0
1534647988.0
1534576926.0
1534487305.0
1534233301.0
1533902999.0
1533711743.0
1533626735.0
1533549084.0
1533460805.0
1533299999.0
1533281089.0
1533264518.0
1533177309.0
1533091422.0
1533003014.0
1532915640.0
1532853296.0
1532839092.0
1532746299.0
1532688476.0
1532675735.0
1532626935.0
1532517438.0
1532346006.0
1532185129.0
1532098075.0
1532049502.0
1531904897.0
1531833842.0
1531804509.0
1531765606.0
1531735750.0
1531654166.0
1531618384.0
1531565659.0
1531482341.0
1531451826.0
1531442911.0
