1564940369.0
1564936728.0
1564933900.0
1564927520.0
1564915230.0
1564914359.0
1564904818.0
1564896710.0
1564893039.0
1564881878.0
1564873669.0
1564845837.0
1564839439.0
1564836199.0
1564819525.0
1564810385.0
1564803941.0
1564798680.0
1564796346.0
1564792582.0
1564782265.0
1564766925.0
1564764692.0
1564755842.0
1564746420.0
1564742685.0
1564741445.0
1564734944.0
1564731082.0
1564729172.0
1564726913.0
1564722533.0
1564718732.0
1564715751.0
1564714230.0
1564713363.0
1564712393.0
1564710461.0
1564708909.0
1564707598.0
1564705668.0
1564681779.0
1564677663.0
1564676593.0
1564674015.0
1564669294.0
1564659997.0
1564651805.0
1564641127.0
1564638434.0
1564630767.0
1564627705.0
1564625669.0
1564624149.0
1564620144.0
1564593171.0
1564584198.0
1564576949.0
1564572320.0
1564566557.0
1564561359.0
1564558474.0
1564550608.0
1564540895.0
1564531748.0
1564505089.0
1564491636.0
1564486176.0
1564478870.0
1564463491.0
1564461014.0
1564452773.0
1564449204.0
1564416904.0
1564406346.0
1564402090.0
1564389121.0
1564385369.0
1564382786.0
1564376222.0
1564366518.0
1564324132.0
1564318152.0
1564312544.0
1564303729.0
1564291933.0
1564282150.0
1564253101.0
1564235762.0
1564227420.0
1564225185.0
1564215274.0
1564201093.0
1564196187.0
1564192708.0
1564188411.0
1564155548.0
1564150363.0
1564136656.0
1564133085.0
1564130186.0
1564126007.0
1564120101.0
1564118244.0
1564115541.0
1564112081.0
1564108564.0
1564081892.0
1564072525.0
1564067483.0
1564064866.0
1564054139.0
1564044721.0
1564035987.0
1564031085.0
1564023947.0
1563976086.0
1563967416.0
1563958252.0
1563948297.0
1563941454.0
1563936540.0
1563933201.0
1563908974.0
1563893793.0
1563872978.0
1563860728.0
1563854431.0
1563851415.0
1563846605.0
1563810940.0
1563791664.0
1563783703.0
1563774632.0
1563767237.0
1563760595.0
1563726599.0
1563720640.0
1563700456.0
1563681520.0
1563661079.0
1563643701.0
1563625247.0
1563601281.0
1563595459.0
1563587311.0
1563554559.0
1563537265.0
1563527511.0
1563524143.0
1563512192.0
1563504637.0
1563475127.0
1563458924.0
1563444630.0
1563430036.0
1563427214.0
1563418672.0
1563379445.0
1563373833.0
1563354943.0
1563344240.0
1563340461.0
1563333827.0
1563323635.0
1563294599.0
1563288209.0
1563278469.0
1563267884.0
1563262753.0
1563255174.0
1563250110.0
1563243850.0
1563240328.0
1563232966.0
1563197299.0
1563192047.0
1563173661.0
1563163956.0
1563156198.0
1563154221.0
1563127088.0
1563119320.0
1563111926.0
1563096651.0
1563085656.0
1563082902.0
1563059813.0
1563046000.0
1563010299.0
1563001509.0
1562995589.0
1562987000.0
1562983092.0
1562955965.0
1562936014.0
1562928276.0
