1564604463.0
1564567252.0
1564493548.0
1564451042.0
1564394259.0
1564358065.0
1564314037.0
1564137490.0
1564049195.0
1563849092.0
1563716413.0
1563588557.0
1563507826.0
1563418596.0
1563335733.0
1563255119.0
1563177335.0
1563123148.0
1563077693.0
1562932503.0
1562811311.0
1562726049.0
1562687381.0
1562666978.0
1562630566.0
1562497161.0
1562317154.0
1562213977.0
1562073731.0
1562033042.0
1561870178.0
1561781418.0
1561551901.0
1561421471.0
1561342146.0
1561309141.0
1561183490.0
1561089067.0
1561012107.0
1560927893.0
1560754248.0
1560737463.0
1560653012.0
1560511106.0
1560398609.0
1560311733.0
1560218785.0
1560179931.0
1560144434.0
1560073977.0
1559950877.0
1559815866.0
1559708160.0
1559537032.0
1559389863.0
1559230321.0
1559198482.0
1559048399.0
1559022996.0
1558952003.0
1558885140.0
1558845068.0
1558705483.0
1558491496.0
1558282752.0
1558163078.0
1557909225.0
1557821036.0
1557691939.0
1557574855.0
1557480650.0
1557417007.0
1557365742.0
1557308224.0
1557253987.0
1557194011.0
1557159247.0
1557057545.0
1557020614.0
1556982431.0
1556898161.0
1556639127.0
1556471296.0
1556438839.0
1556353550.0
1556258328.0
1556250630.0
1556207307.0
1556173318.0
1556153551.0
1556068270.0
1555953656.0
1555906472.0
1555833135.0
1555736416.0
1555657902.0
1555587199.0
1555517418.0
1555491711.0
1555376934.0
1555324584.0
1555239097.0
1555119586.0
1555057197.0
1554951735.0
1554908789.0
1554869928.0
1554820484.0
1554713000.0
1554598765.0
1554513799.0
1554346700.0
1554288270.0
1554254349.0
1554161890.0
1554058939.0
1553963038.0
1553845998.0
1553787620.0
1553758295.0
1553749314.0
1553672422.0
1553522129.0
1553325575.0
1553278921.0
1553224005.0
1553164274.0
1553102119.0
1553064438.0
1552964563.0
1552905776.0
1552892383.0
1552818111.0
1552703136.0
1552580069.0
1552549671.0
1552470531.0
1552455051.0
1552385943.0
1552363912.0
1552312974.0
1552304332.0
1552283562.0
1552216256.0
1552133726.0
1552047048.0
1551981188.0
1551915115.0
1551760298.0
1551618202.0
1551610254.0
1551459366.0
1551358913.0
1551180648.0
1551014991.0
1550862230.0
1550762103.0
1550738681.0
1550642258.0
1550477199.0
1550431595.0
1550328308.0
1550245041.0
1550206726.0
1550049487.0
1549920231.0
1549862538.0
1549763134.0
1549709898.0
1549612800.0
1549591959.0
1549532773.0
1549243031.0
1549167862.0
1549071671.0
1548988739.0
1548949253.0
1548646221.0
1548598251.0
1548503223.0
1548304800.0
1548245546.0
1548204447.0
1548144310.0
1548123331.0
1548052677.0
1547959307.0
1547789693.0
1547614656.0
1547398598.0
1547168679.0
1546925344.0
1546907327.0
1546828847.0
1546676934.0
1546568960.0
1546365594.0
1546101140.0
1546012580.0
