1564967458.0
1564965235.0
1564964608.0
1564963690.0
1564946369.0
1564945511.0
1564939317.0
1564935634.0
1564932700.0
1564931834.0
1564929919.0
1564927743.0
1564926122.0
1564925283.0
1564923024.0
1564919916.0
1564917748.0
1564915956.0
1564914028.0
1564912278.0
1564909557.0
1564908568.0
1564906902.0
1564905897.0
1564901347.0
1564899965.0
1564898332.0
1564896374.0
1564894421.0
1564892589.0
1564888587.0
1564886224.0
1564884959.0
1564881717.0
1564879997.0
1564877557.0
1564874213.0
1564861422.0
1564857265.0
1564850981.0
1564849967.0
1564848455.0
1564844255.0
1564842924.0
1564842539.0
1564840149.0
1564837416.0
1564834383.0
1564831330.0
1564829462.0
1564828165.0
1564826646.0
1564824672.0
1564821511.0
1564818989.0
1564815996.0
1564814739.0
1564812536.0
1564809531.0
1564807962.0
1564806795.0
1564804190.0
1564801420.0
1564799956.0
1564798441.0
1564795725.0
1564793842.0
1564790328.0
1564789714.0
1564783875.0
1564767799.0
1564763300.0
1564760932.0
1564759645.0
1564757536.0
1564755988.0
1564754301.0
1564752481.0
1564748816.0
1564746270.0
1564744457.0
1564743357.0
1564741656.0
1564739521.0
1564738725.0
1564737263.0
1564735492.0
1564734216.0
1564731951.0
1564729335.0
1564728505.0
1564727754.0
1564725993.0
1564723342.0
1564719504.0
1564718334.0
1564718057.0
1564717290.0
1564716536.0
1564715711.0
1564714133.0
1564712740.0
1564709835.0
1564708952.0
1564706962.0
1564700048.0
1564688144.0
1564681004.0
1564678361.0
1564673678.0
1564671898.0
1564669682.0
1564667110.0
1564664401.0
1564662449.0
1564661270.0
1564657783.0
1564656055.0
1564653279.0
1564651185.0
1564650012.0
1564648984.0
1564646042.0
1564644129.0
1564642748.0
1564641055.0
1564640409.0
1564639695.0
1564638751.0
1564636728.0
1564635112.0
1564633402.0
1564632612.0
1564632002.0
1564629749.0
1564627750.0
1564627039.0
1564625299.0
1564624483.0
1564623552.0
1564622800.0
1564622230.0
1564621578.0
1564620769.0
1564619836.0
1564617895.0
1564615243.0
1564599937.0
1564594726.0
1564591283.0
1564585288.0
1564582799.0
1564580015.0
1564577051.0
1564574066.0
1564572902.0
1564571429.0
1564567942.0
1564565822.0
1564564654.0
1564563352.0
1564562760.0
1564561520.0
1564559984.0
1564557940.0
1564554321.0
1564553246.0
1564551885.0
1564549147.0
1564547686.0
1564546001.0
1564543082.0
1564541945.0
1564540876.0
1564540239.0
1564538661.0
1564538049.0
1564537442.0
1564536950.0
1564536038.0
1564534263.0
1564533126.0
1564532103.0
1564528362.0
1564519463.0
1564508760.0
1564507653.0
1564502285.0
1564501257.0
1564501029.0
1564500274.0
1564499219.0
1564497197.0
1564495652.0
1564494066.0
1564491664.0
1564490944.0
1564488896.0
