1564968615.0
1564967365.0
1564966597.0
1564965361.0
1564964264.0
1564963572.0
1564962696.0
1564958687.0
1564951620.0
1564945047.0
1564941593.0
1564939916.0
1564938531.0
1564936981.0
1564935457.0
1564933066.0
1564931818.0
1564931005.0
1564930055.0
1564929615.0
1564928803.0
1564927771.0
1564926862.0
1564924970.0
1564924651.0
1564922662.0
1564922035.0
1564920642.0
1564919451.0
1564918099.0
1564917503.0
1564916616.0
1564915852.0
1564914885.0
1564914409.0
1564913523.0
1564912392.0
1564910042.0
1564908614.0
1564907539.0
1564906279.0
1564905557.0
1564904943.0
1564904416.0
1564903867.0
1564902982.0
1564901845.0
1564900829.0
1564899649.0
1564898838.0
1564897849.0
1564896567.0
1564894807.0
1564894110.0
1564893310.0
1564892518.0
1564891878.0
1564891051.0
1564889920.0
1564889121.0
1564888531.0
1564887738.0
1564886706.0
1564886082.0
1564884613.0
1564883544.0
1564882514.0
1564882007.0
1564880996.0
1564879393.0
1564878240.0
1564877541.0
1564875023.0
1564872960.0
1564870678.0
1564867587.0
1564863558.0
1564861121.0
1564858941.0
1564854402.0
1564852586.0
1564851419.0
1564849893.0
1564848670.0
1564848149.0
1564847838.0
1564847304.0
1564847169.0
1564846482.0
1564845697.0
1564845187.0
1564844702.0
1564844557.0
1564843503.0
1564842658.0
1564842260.0
1564839439.0
1564839000.0
1564838212.0
1564837421.0
1564837179.0
1564836466.0
1564836231.0
1564835226.0
1564834889.0
1564834461.0
1564833784.0
1564833413.0
1564832583.0
1564832031.0
1564831188.0
1564830616.0
1564829895.0
1564829239.0
1564828813.0
1564827991.0
1564826431.0
1564824466.0
1564823538.0
1564822306.0
1564822139.0
1564820733.0
1564820151.0
1564819584.0
1564818560.0
1564817589.0
1564817162.0
1564816431.0
1564815291.0
1564814456.0
1564812485.0
1564811739.0
1564810282.0
1564808779.0
1564807848.0
1564807466.0
1564807017.0
1564806497.0
1564806295.0
1564806081.0
1564805344.0
1564804968.0
1564804295.0
1564803889.0
1564803547.0
1564803114.0
1564802489.0
1564801613.0
1564800965.0
1564799677.0
1564798680.0
1564798148.0
1564797637.0
1564797093.0
1564796506.0
1564796084.0
1564795319.0
1564793746.0
1564793193.0
1564791056.0
1564789030.0
1564785379.0
1564782790.0
1564771788.0
1564769600.0
1564765579.0
1564764692.0
1564762712.0
1564761218.0
1564760085.0
1564758841.0
1564756308.0
1564754514.0
1564753890.0
1564751662.0
1564748875.0
1564747591.0
1564746420.0
1564744672.0
1564743693.0
1564742807.0
1564741831.0
1564741046.0
1564739523.0
1564738926.0
1564738207.0
1564737669.0
1564737327.0
1564736368.0
1564735548.0
1564735227.0
1564735023.0
1564734570.0
1564734150.0
1564733984.0
1564733508.0
1564732890.0
