1564662647.0
1564638306.0
1564627649.0
1564623249.0
1564617925.0
1564602337.0
1564588569.0
1564575345.0
1564565878.0
1564530468.0
1564492313.0
1564457253.0
1564392085.0
1564368802.0
1564248327.0
1564140961.0
1564119956.0
1564093586.0
1564023498.0
1563955591.0
1563929927.0
1563870285.0
1563756643.0
1563712466.0
1563677347.0
1563618236.0
1563551721.0
1563529138.0
1563504041.0
1563448428.0
1563416193.0
1563359543.0
1563298965.0
1563254171.0
1563172529.0
1563089454.0
1562936475.0
1562893972.0
1562748116.0
1562626512.0
1562508232.0
1562373421.0
1562204235.0
1561973282.0
1561891447.0
1561774599.0
1561602865.0
1561542163.0
1561301457.0
1561259143.0
1561171537.0
1561090508.0
1560823600.0
1560673584.0
1560532233.0
1560394961.0
1560244170.0
1559535442.0
1559302616.0
1559199691.0
1559119633.0
1558925349.0
1558785872.0
1558663237.0
1558436446.0
1558426134.0
1558398298.0
1557934062.0
1557658414.0
1557476783.0
1557123893.0
1556959186.0
1556767568.0
1556453616.0
1556327363.0
1556244230.0
1556012150.0
1555588339.0
1555498061.0
1555346365.0
1555295577.0
1555160312.0
1554902944.0
1554898130.0
1554874170.0
1554790165.0
1554687085.0
1554439542.0
1554342804.0
1554250412.0
1554168228.0
1554112947.0
1554020633.0
1553914001.0
1553841654.0
1553734794.0
1553554498.0
1553244176.0
1553089803.0
1552702710.0
1552537866.0
1552464632.0
1552441927.0
1552233417.0
1551947330.0
1551772664.0
1551576567.0
1551251707.0
1550811035.0
1550633778.0
1550513763.0
1550399954.0
1550372743.0
1550215661.0
1549780973.0
1549593106.0
1549075997.0
1548832894.0
1548469749.0
1548154085.0
1547705387.0
1547346191.0
1546912108.0
1546827621.0
1546651446.0
1546524619.0
1546408734.0
1546105024.0
1546009510.0
1545907063.0
1545835701.0
1545630578.0
1545012718.0
1544764611.0
1544615198.0
1544245874.0
1544181492.0
1544083840.0
1544027577.0
1543973947.0
1543934369.0
1543888051.0
1543807954.0
1543728122.0
1543661692.0
1543362421.0
1543089445.0
1542858731.0
1542588246.0
1542335145.0
1542101895.0
1541893944.0
1541737844.0
1541599462.0
1541475019.0
1541352466.0
1540998441.0
1540524552.0
1540086923.0
1539849813.0
1539662358.0
1539438291.0
1539319827.0
1539162017.0
1539138661.0
1539072445.0
1538982815.0
1538896354.0
1538704823.0
1538553862.0
1538405882.0
1538309490.0
1538234752.0
1538178699.0
1538096864.0
1537931559.0
1537859219.0
1537792891.0
1537746205.0
1537368287.0
1537018337.0
1536947295.0
1536804814.0
1536632277.0
1536466288.0
1536307922.0
1536129144.0
1535901580.0
1535765527.0
1535698909.0
1535604263.0
1535465237.0
1535377197.0
1535329261.0
1535213521.0
1535051861.0
1534871572.0
1534820128.0
