1564916152.0
1564904175.0
1564896570.0
1564886268.0
1564849965.0
1564831599.0
1564826379.0
1564815834.0
1564807995.0
1564801176.0
1564760257.0
1564753188.0
1564743369.0
1564737054.0
1564729121.0
1564721105.0
1564712527.0
1564707119.0
1564702056.0
1564678767.0
1564673781.0
1564665525.0
1564657082.0
1564646531.0
1564640107.0
1564623377.0
1564610121.0
1564594063.0
1564589273.0
1564581704.0
1564572791.0
1564561948.0
1564559294.0
1564555442.0
1564551231.0
1564546344.0
1564541701.0
1564540173.0
1564536635.0
1564528828.0
1564498382.0
1564496935.0
1564475965.0
1564472802.0
1564463270.0
1564457355.0
1564450549.0
1564427532.0
1564381561.0
1564374966.0
1564359004.0
1564302789.0
1564283277.0
1564241608.0
1564195047.0
1564187013.0
1564122819.0
1564055438.0
1563978968.0
1563944407.0
1563898809.0
1563860572.0
1563795154.0
1563770330.0
1563732050.0
1563687110.0
1563667313.0
1563605049.0
1563582985.0
1563530763.0
1563519087.0
1563516577.0
1563505657.0
1563476602.0
1563440330.0
1563410431.0
1563376336.0
1563363058.0
1563347859.0
1563333130.0
1563272748.0
1563257906.0
1563241723.0
1563212259.0
1563190105.0
1563173681.0
1563166082.0
1563159443.0
1563141291.0
1563109376.0
1563081888.0
1563072326.0
1563062270.0
1563029127.0
1562997884.0
1562980244.0
1562944252.0
1562932942.0
1562910964.0
1562898453.0
1562891347.0
1562860537.0
1562846794.0
1562825711.0
1562818793.0
1562809192.0
1562802394.0
1562747105.0
1562716781.0
1562672344.0
1562636817.0
1562487199.0
1562419720.0
1562329239.0
1562291601.0
1562230833.0
1562224069.0
1562142307.0
1562060658.0
1561952960.0
1561779707.0
1561708979.0
1561566728.0
1561444350.0
1561296965.0
1561269379.0
1561264930.0
1561232080.0
1561168551.0
1561112788.0
1561084533.0
1561008156.0
1560939895.0
1560849844.0
1560773773.0
1560732376.0
1560596777.0
1560567454.0
1560534511.0
1560476524.0
1560461798.0
1560399548.0
1560340593.0
1560316860.0
1560299549.0
1560255269.0
1560248271.0
1560220803.0
1560141903.0
1560095765.0
1560044978.0
1559919284.0
1559832119.0
1559793488.0
1559733834.0
1559384728.0
1559212482.0
1559109928.0
1559017884.0
1558702597.0
1558597992.0
1558520692.0
1558404686.0
1558309828.0
1558194220.0
1558070417.0
1557981081.0
1557956991.0
1557898578.0
1557825757.0
1557756364.0
1557733580.0
1557694155.0
1557633430.0
1557558748.0
1557501723.0
1557478145.0
1557468322.0
1557445823.0
1557386699.0
1557373207.0
1557363441.0
1557326767.0
1557307733.0
1557298362.0
1557294807.0
1557284722.0
1557240333.0
1557164076.0
1557143417.0
1557112473.0
1557063361.0
1557047567.0
