1564897661.0
1564808147.0
1564748896.0
1564675741.0
1564641501.0
1564626188.0
1564588987.0
1564484321.0
1564336019.0
1564289000.0
1564153985.0
1564059669.0
1563996330.0
1563843676.0
1563710596.0
1563629747.0
1563437419.0
1563297729.0
1563251375.0
1563093160.0
1563007129.0
1562834128.0
1562756936.0
1562664130.0
1562645616.0
1562598821.0
1562558232.0
1562404456.0
1562297433.0
1562080077.0
1561828508.0
1561806507.0
1561794059.0
1561720182.0
1561633709.0
1561605078.0
1561518819.0
1561431984.0
1561342452.0
1561173361.0
1560990850.0
1560915581.0
1560751009.0
1560508650.0
1560328571.0
1560224528.0
1560157011.0
1559643970.0
1558680566.0
1558521227.0
1558262906.0
1557970710.0
1557794972.0
1557494553.0
1557329662.0
1557102310.0
1556624128.0
1556074148.0
1555246314.0
1555059413.0
1554861376.0
1554546735.0
1553877027.0
1553273961.0
1552887820.0
1552815748.0
1552431085.0
1552057700.0
1551884430.0
1551846148.0
1551626789.0
1551240752.0
1550911870.0
1550285779.0
1550217736.0
1549847695.0
1549694835.0
1549123954.0
1548895793.0
1548785530.0
1548747661.0
1548685835.0
1548572317.0
1548498192.0
1548233955.0
1548177472.0
1548045386.0
1547972798.0
1547628894.0
1547439774.0
1547187890.0
1547124141.0
1546888102.0
1546717911.0
1546528856.0
1546412370.0
1546309120.0
1546213584.0
1546090050.0
1545998948.0
1545974140.0
1545940672.0
1545917656.0
1545911368.0
1545909003.0
1545905553.0
1545872576.0
1545728930.0
1545623540.0
1545375828.0
1545194158.0
1545100719.0
1544775527.0
1544586732.0
1544422966.0
1544194103.0
1544148675.0
1544084638.0
1544056520.0
1543938588.0
1543903951.0
1543817597.0
1543734511.0
1543662702.0
1543579721.0
1543551690.0
1543423944.0
1543400633.0
1543318820.0
1543308473.0
1543233786.0
1543148277.0
1543121602.0
1542963235.0
1542945036.0
1542878960.0
1542867962.0
1542787406.0
1542699359.0
1542628084.0
1542527160.0
1542439450.0
1542332098.0
1542288299.0
1542212772.0
1542167827.0
1542126107.0
1542008687.0
1541937327.0
1541754617.0
1541660934.0
1541561981.0
1541483783.0
1541467748.0
1541408654.0
1541298248.0
1541273469.0
1541220220.0
1540981408.0
1540954518.0
1540943471.0
1540801375.0
1540569285.0
1540514304.0
1540450338.0
1540379903.0
1540304214.0
1540286378.0
1540189307.0
1540088719.0
1539967901.0
1539920138.0
1539825408.0
1539757106.0
1539686349.0
1539616164.0
1539505872.0
1539402682.0
1539304666.0
1539218530.0
1539074537.0
1538996000.0
1538985935.0
1538980175.0
1538970779.0
1538965944.0
1538831158.0
1538820292.0
1538805930.0
1538714942.0
1538707974.0
1538652415.0
1538626187.0
1538474801.0
1538315080.0
1538228169.0
1538194915.0
1538189339.0
