1561552190.0
1561034557.0
1559280045.0
1558455562.0
1557998998.0
1557749843.0
1557475884.0
1557214266.0
1557117875.0
1556958306.0
1556879791.0
1556550073.0
1556244372.0
1555901994.0
1555431047.0
1555085727.0
1554964470.0
1554874875.0
1554777930.0
1554173943.0
1553856207.0
1553503105.0
1553064315.0
1553007275.0
1552193875.0
1551712832.0
1550819707.0
1549870690.0
1549077074.0
1548907731.0
1548599489.0
1548306286.0
1548227713.0
1548207289.0
1547201815.0
1546392989.0
1545800695.0
1545613216.0
1545125220.0
1540455025.0
1538051705.0
1536931139.0
1535804947.0
1533971050.0
1532911396.0
1532092118.0
1531727198.0
1530491939.0
1529212383.0
1523496548.0
1522855129.0
1522636027.0
1516702026.0
1516524150.0
1516354005.0
1513869627.0
1510744767.0
1509111953.0
1508077303.0
1506873764.0
1506817164.0
1506769168.0
1506587511.0
1503307983.0
1502462301.0
1502254945.0
1501553536.0
1501262026.0
1499919546.0
1498743793.0
1493960616.0
1491811582.0
1490324488.0
1489812003.0
1488106255.0
1487028255.0
1485866907.0
1484110055.0
1481647946.0
1480920134.0
1478842691.0
1476637024.0
1474988835.0
1474128853.0
1473213333.0
1472736630.0
1472710699.0
1472613296.0
1472481860.0
1472448440.0
1472375296.0
1472125098.0
1471793407.0
1470059756.0
1468076991.0
1467637778.0
1466853695.0
1465807637.0
1465571988.0
1465109234.0
1464920024.0
1464330753.0
1463216539.0
1461112380.0
1460373700.0
1458617580.0
1458129490.0
1457941069.0
1457584918.0
1457246223.0
1456973751.0
1456814140.0
1455890894.0
1455636102.0
1455510442.0
1455278666.0
1455092057.0
1454690883.0
1454405029.0
1453621964.0
1452671726.0
1451830872.0
1451541306.0
1451050935.0
1450841735.0
1449635332.0
1446876014.0
1446769926.0
1446608256.0
1446462415.0
1446441879.0
1444558287.0
1443862976.0
1442249411.0
1441453210.0
1441096999.0
1440129400.0
1438562484.0
1437641382.0
1436374676.0
1435941044.0
1435745492.0
1435649592.0
1434840754.0
