1564958983.0
1564945365.0
1564935274.0
1564931707.0
1564930659.0
1564928070.0
1564926293.0
1564920342.0
1564915802.0
1564909535.0
1564904177.0
1564899365.0
1564897135.0
1564892440.0
1564890950.0
1564889010.0
1564886154.0
1564883477.0
1564876028.0
1564853944.0
1564847157.0
1564844775.0
1564843437.0
1564840714.0
1564836872.0
1564830300.0
1564827556.0
1564821002.0
1564818374.0
1564814990.0
1564812354.0
1564809246.0
1564805643.0
1564803614.0
1564802300.0
1564800405.0
1564795653.0
1564793423.0
1564790629.0
1564781949.0
1564770729.0
1564765110.0
1564761589.0
1564760257.0
1564757334.0
1564756028.0
1564755703.0
1564754540.0
1564753439.0
1564752025.0
1564749594.0
1564744158.0
1564742717.0
1564740340.0
1564737121.0
1564735985.0
1564734737.0
1564732347.0
1564730849.0
1564727485.0
1564724676.0
1564722575.0
1564720637.0
1564719412.0
1564717852.0
1564715057.0
1564714500.0
1564713683.0
1564711604.0
1564710426.0
1564709190.0
1564705978.0
1564701194.0
1564681273.0
1564678087.0
1564675095.0
1564670329.0
1564668541.0
1564665947.0
1564663709.0
1564660376.0
1564656765.0
1564654832.0
1564653004.0
1564651209.0
1564650822.0
1564649450.0
1564648325.0
1564644627.0
1564642578.0
1564641488.0
1564637330.0
1564635499.0
1564632610.0
1564631248.0
1564629189.0
1564628091.0
1564624308.0
1564622001.0
1564619468.0
1564616998.0
1564610501.0
1564603331.0
1564594460.0
1564589565.0
1564587833.0
1564587123.0
1564585274.0
1564584086.0
1564582361.0
1564581048.0
1564579899.0
1564578053.0
1564575911.0
1564573071.0
1564572122.0
1564570277.0
1564568243.0
1564567430.0
1564565784.0
1564563305.0
1564561406.0
1564560649.0
1564558724.0
1564556894.0
1564555956.0
1564554635.0
1564553116.0
1564551849.0
1564550354.0
1564548889.0
1564547684.0
1564545959.0
1564544439.0
1564542865.0
1564541169.0
1564540012.0
1564539426.0
1564535606.0
1564533682.0
1564530234.0
1564526348.0
1564510262.0
1564505839.0
1564502701.0
1564499722.0
1564498541.0
1564497573.0
1564496175.0
1564495159.0
1564493929.0
1564492143.0
1564490228.0
1564487603.0
1564485288.0
1564482143.0
1564480885.0
1564479558.0
1564477832.0
1564476029.0
1564475182.0
1564472802.0
1564471145.0
1564469650.0
1564468953.0
1564466912.0
1564466128.0
1564464544.0
1564463736.0
1564462361.0
1564460842.0
1564458574.0
1564457801.0
1564456558.0
1564455681.0
1564454819.0
1564454231.0
1564453919.0
1564453430.0
1564452612.0
1564452001.0
1564450086.0
1564448167.0
1564446296.0
1564444517.0
1564442692.0
1564433861.0
1564425344.0
1564420219.0
1564418481.0
1564417533.0
1564415911.0
1564412493.0
1564411182.0
1564410043.0
1564408347.0
1564405025.0
1564403568.0
