1564928059.0
1564918162.0
1564905946.0
1564899231.0
1564892758.0
1564889501.0
1564876289.0
1564853925.0
1564843407.0
1564823972.0
1564813386.0
1564803473.0
1564793570.0
1564762129.0
1564760659.0
1564753935.0
1564746488.0
1564732910.0
1564730302.0
1564721502.0
1564719316.0
1564714837.0
1564678372.0
1564666750.0
1564659286.0
1564644658.0
1564627845.0
1564624775.0
1564592525.0
1564580917.0
1564572397.0
1564566230.0
1564556524.0
1564548437.0
1564547341.0
1564533791.0
1564515043.0
1564508797.0
1564502568.0
1564487212.0
1564472601.0
1564465096.0
1564456371.0
1564450929.0
1564437121.0
1564413809.0
1564408755.0
1564399105.0
1564396206.0
1564389826.0
1564379632.0
1564377791.0
1564373343.0
1564366158.0
1564340937.0
1564326111.0
1564323217.0
1564315104.0
1564308035.0
1564302788.0
1564297998.0
1564284034.0
1564268248.0
1564243412.0
1564235282.0
1564219315.0
1564196518.0
1564188696.0
1564184724.0
1564160051.0
1564149032.0
1564142332.0
1564135533.0
1564132420.0
1564128372.0
1564122739.0
1564117138.0
1564113794.0
1564110220.0
1564104322.0
1564095373.0
1564089361.0
1564085539.0
1564074787.0
1564069173.0
1564064786.0
1564061553.0
1564052671.0
1564048604.0
1564037611.0
1564030918.0
1564026004.0
1564023038.0
1564019575.0
1564017112.0
1563985045.0
1563983232.0
1563977695.0
1563976292.0
1563966023.0
1563963949.0
1563961313.0
1563956363.0
1563952195.0
1563944761.0
1563939044.0
1563934264.0
1563931774.0
1563928700.0
1563905588.0
1563896682.0
1563892195.0
1563889794.0
1563883343.0
1563872780.0
1563870688.0
1563863817.0
1563861204.0
1563858985.0
1563853233.0
1563847532.0
1563841720.0
1563819051.0
1563806725.0
1563797465.0
1563794838.0
1563788428.0
1563784022.0
1563780835.0
1563774124.0
1563772804.0
1563768403.0
1563765278.0
1563754396.0
1563731606.0
1563723360.0
1563711555.0
1563705803.0
1563699357.0
1563692180.0
1563688131.0
1563684852.0
1563676784.0
1563659684.0
1563643318.0
1563629954.0
1563617952.0
1563613300.0
1563601828.0
1563590081.0
1563568096.0
1563543615.0
1563526107.0
1563516169.0
1563511190.0
1563504922.0
1563499197.0
1563473000.0
1563468637.0
1563463790.0
1563459972.0
1563452042.0
1563448466.0
1563442038.0
1563433277.0
1563415572.0
1563408259.0
1563382245.0
1563376426.0
1563367192.0
1563357200.0
1563345989.0
1563338442.0
1563335405.0
1563328679.0
1563319241.0
1563314273.0
1563296048.0
1563292914.0
1563287698.0
1563277153.0
1563270337.0
1563267078.0
1563259078.0
1563254044.0
1563249201.0
1563244989.0
1563237990.0
1563210895.0
1563205624.0
1563200313.0
1563195618.0
1563187868.0
1563180235.0
1563174892.0
1563166631.0
1563162642.0
1563158460.0
1563154241.0
