1564966574.0
1564960459.0
1564945884.0
1564938001.0
1564935566.0
1564932937.0
1564929230.0
1564927632.0
1564924035.0
1564922324.0
1564918564.0
1564916548.0
1564914710.0
1564913447.0
1564911007.0
1564907501.0
1564904097.0
1564902786.0
1564901622.0
1564900027.0
1564898320.0
1564896313.0
1564895371.0
1564893885.0
1564892762.0
1564891847.0
1564889933.0
1564889123.0
1564885900.0
1564885077.0
1564883017.0
1564882175.0
1564881654.0
1564877901.0
1564871733.0
1564856806.0
1564851524.0
1564849245.0
1564847380.0
1564843460.0
1564839673.0
1564837148.0
1564835093.0
1564833826.0
1564831413.0
1564828504.0
1564824780.0
1564820366.0
1564817162.0
1564814825.0
1564812985.0
1564812122.0
1564808084.0
1564807190.0
1564804750.0
1564802768.0
1564802063.0
1564799583.0
1564797754.0
1564793644.0
1564791782.0
1564785315.0
1564771179.0
1564764308.0
1564759268.0
1564756449.0
1564755000.0
1564753552.0
1564748778.0
1564744494.0
1564740791.0
1564738986.0
1564737617.0
1564735547.0
1564734179.0
1564732987.0
1564731352.0
1564728742.0
1564726608.0
1564724839.0
1564722607.0
1564721085.0
1564719335.0
1564718414.0
1564717560.0
1564716389.0
1564710797.0
1564708207.0
1564706949.0
1564706348.0
1564705086.0
1564695492.0
1564684100.0
1564676316.0
1564674017.0
1564672804.0
1564671341.0
1564668591.0
1564665979.0
1564663415.0
1564658710.0
1564657053.0
1564654941.0
1564652530.0
1564650871.0
1564648712.0
1564645970.0
1564644463.0
1564642238.0
1564640615.0
1564635873.0
1564633843.0
1564632191.0
1564629846.0
1564627886.0
1564625989.0
1564622112.0
1564620520.0
1564609165.0
1564595898.0
1564593728.0
1564589448.0
1564588557.0
1564586947.0
1564585047.0
1564582071.0
1564580484.0
1564576740.0
1564575622.0
1564574518.0
1564571839.0
1564569356.0
1564567486.0
1564566001.0
1564563488.0
1564561341.0
1564559496.0
1564557052.0
1564555329.0
1564552195.0
1564551172.0
1564549923.0
1564547811.0
1564545177.0
1564543628.0
1564540685.0
1564539315.0
1564537772.0
1564534498.0
1564532178.0
1564530074.0
1564511656.0
1564508781.0
1564502656.0
1564501676.0
1564500229.0
1564497333.0
1564493930.0
1564492155.0
1564491229.0
