1564969648.0
1564969497.0
1564969239.0
1564968843.0
1564968325.0
1564968150.0
1564967937.0
1564967660.0
1564967315.0
1564966595.0
1564966235.0
1564966025.0
1564965475.0
1564965143.0
1564964785.0
1564964260.0
1564963690.0
1564962403.0
1564960916.0
1564959961.0
1564959025.0
1564954777.0
1564946831.0
1564946369.0
1564945780.0
1564943065.0
1564941737.0
1564940026.0
1564939211.0
1564938151.0
1564937829.0
1564937245.0
1564936964.0
1564935634.0
1564934951.0
1564934210.0
1564933249.0
1564932903.0
1564932574.0
1564932275.0
1564931834.0
1564931570.0
1564931242.0
1564930691.0
1564930163.0
1564929545.0
1564929392.0
1564928935.0
1564928356.0
1564927656.0
1564927020.0
1564926454.0
1564926000.0
1564925756.0
1564924970.0
1564924577.0
1564923483.0
1564922713.0
1564922374.0
1564921925.0
1564920892.0
1564920587.0
1564919527.0
1564918890.0
1564917748.0
1564917360.0
1564917037.0
1564916209.0
1564915829.0
1564915464.0
1564914936.0
1564914521.0
1564914028.0
1564913542.0
1564913387.0
1564912797.0
1564912047.0
1564911581.0
1564911238.0
1564910743.0
1564910386.0
1564910003.0
1564909557.0
1564909054.0
1564908782.0
1564908602.0
1564908372.0
1564907759.0
1564907496.0
1564907115.0
1564906994.0
1564906569.0
1564906215.0
1564905959.0
1564905548.0
1564905029.0
1564904062.0
1564903508.0
1564902894.0
1564901952.0
1564901567.0
1564900642.0
1564900133.0
1564899831.0
1564899556.0
1564899034.0
1564898682.0
1564898159.0
1564897532.0
1564896570.0
1564896046.0
1564895236.0
1564894826.0
1564894484.0
1564893823.0
1564893423.0
1564893033.0
1564892379.0
1564891235.0
1564890060.0
1564889495.0
1564888984.0
1564888810.0
1564888326.0
1564887898.0
1564887587.0
1564887404.0
1564886924.0
1564886378.0
1564886154.0
1564885798.0
1564884959.0
1564884747.0
1564884153.0
1564883743.0
1564883148.0
1564882370.0
1564882090.0
1564881643.0
1564881250.0
1564880766.0
1564880185.0
1564878979.0
1564878511.0
1564877628.0
1564877339.0
1564876662.0
1564875172.0
1564873880.0
1564872389.0
1564870678.0
1564863992.0
1564861901.0
1564859469.0
1564857499.0
1564856205.0
1564854727.0
1564853144.0
1564851118.0
1564850703.0
1564849965.0
1564849451.0
1564848782.0
1564848455.0
1564847264.0
1564846807.0
1564846136.0
1564845418.0
1564845279.0
1564844624.0
1564844110.0
1564843409.0
1564843150.0
1564842924.0
1564842748.0
1564842424.0
1564842182.0
1564841422.0
1564840448.0
1564840237.0
1564839426.0
1564838791.0
1564838425.0
1564837503.0
1564837084.0
1564836834.0
1564836338.0
1564835622.0
1564834748.0
1564833965.0
1564833455.0
1564832541.0
1564832213.0
1564831566.0
1564831330.0
1564830986.0
1564830409.0
1564830297.0
1564829980.0
