1564880878.0
1564849803.0
1564843387.0
1564829872.0
1564803980.0
1564792281.0
1564758924.0
1564737668.0
1564726991.0
1564722735.0
1564717843.0
1564713776.0
1564709885.0
1564684028.0
1564657383.0
1564652287.0
1564642018.0
1564631946.0
1564627121.0
1564625068.0
1564574068.0
1564569974.0
1564552124.0
1564543492.0
1564537745.0
1564533570.0
1564513459.0
1564503622.0
1564482979.0
1564475537.0
1564468941.0
1564455503.0
1564430874.0
1564401915.0
1564391526.0
1564383267.0
1564376007.0
1564369799.0
1564359885.0
1564334691.0
1564329440.0
1564318133.0
1564308524.0
1564297958.0
1564292282.0
1564288227.0
1564286522.0
1564282378.0
1564279503.0
1564274256.0
1564254637.0
1564243878.0
1564238778.0
1564232394.0
1564228034.0
1564223809.0
1564219710.0
1564218282.0
1564216385.0
1564213818.0
1564210730.0
1564209525.0
1564206618.0
1564205147.0
1564203490.0
1564202505.0
1564201932.0
1564201093.0
1564199466.0
1564196538.0
1564195290.0
1564194911.0
1564193979.0
1564193744.0
1564193521.0
1564193133.0
1564192992.0
1564192846.0
1564189562.0
1564155278.0
1564142123.0
1564137101.0
1564131700.0
1564125103.0
1564114870.0
1564112449.0
1564105446.0
1564098933.0
1564069846.0
1564064866.0
1564046274.0
1564037177.0
1564020670.0
1564001017.0
1563986042.0
1563979285.0
1563974639.0
1563969344.0
1563955987.0
1563953848.0
1563949738.0
1563944585.0
1563934206.0
1563931066.0
1563920808.0
1563900395.0
1563895313.0
1563882572.0
1563877085.0
1563874019.0
1563872006.0
1563862210.0
1563855607.0
1563852975.0
1563846666.0
1563842119.0
1563835193.0
1563816495.0
1563812604.0
1563808946.0
1563805237.0
1563803536.0
1563801883.0
1563800085.0
1563795315.0
1563793492.0
1563788798.0
1563785424.0
1563783856.0
1563780526.0
1563778917.0
1563778041.0
1563776282.0
1563774975.0
1563773968.0
1563772102.0
1563770983.0
1563769616.0
1563767998.0
1563766671.0
1563765686.0
1563760802.0
1563754360.0
1563734032.0
1563727648.0
1563717650.0
1563713501.0
1563708954.0
1563706110.0
1563697523.0
1563684971.0
1563639404.0
1563554383.0
1563518925.0
1563498054.0
1563447045.0
1563386163.0
1563361824.0
1563351114.0
1563332247.0
1563273808.0
1563263536.0
1563237440.0
1563185272.0
1563172552.0
1563168211.0
1563154621.0
1563147984.0
1563106934.0
1563082687.0
1563029456.0
1563017819.0
1563004723.0
1562989434.0
1562934125.0
1562898190.0
1562835218.0
1562817754.0
1562810485.0
1562775780.0
1562754847.0
1562735996.0
1562685104.0
1562669459.0
1562647589.0
1562611100.0
1562578473.0
1562556219.0
1562516021.0
1562494406.0
1562460786.0
1562407910.0
1562383403.0
1562364476.0
1562310836.0
1562297230.0
1562291949.0
1562289700.0
1562286194.0
