1556259126.0
1553849576.0
1551059534.0
1548077864.0
1547029944.0
1544371449.0
1543499851.0
1542863516.0
1537697363.0
1533370199.0
1532595961.0
1531810181.0
1531706893.0
1531617912.0
1531378407.0
1531116596.0
1530792574.0
1530627011.0
1530559682.0
1530525695.0
1530460136.0
1530369381.0
1530175089.0
1530123540.0
1530077458.0
1530023466.0
1529863934.0
1529812159.0
1529785233.0
1529708130.0
1529624059.0
1529503650.0
1529483137.0
1529434348.0
1529378127.0
1529313831.0
1529296009.0
1529273701.0
1529252730.0
1529216976.0
1529129248.0
1529072919.0
1529029918.0
1528982241.0
1528957263.0
1528860512.0
1528606776.0
1528472662.0
1528258800.0
1527999955.0
1527924648.0
1527833284.0
1527486756.0
1526891752.0
1526552159.0
1526180848.0
1525578839.0
1524930873.0
1524652050.0
1524552194.0
1524468600.0
1523346208.0
1521850937.0
1521115311.0
1520943254.0
1520823910.0
1520763939.0
1518164941.0
1517753259.0
1515986254.0
1515458123.0
1515139345.0
1512716038.0
1512148675.0
1510633089.0
1508921787.0
1502724088.0
1502113363.0
1500784904.0
1500388274.0
1498997349.0
1498711150.0
1496779174.0
1496115950.0
1495224126.0
1493889891.0
1491372518.0
1490362357.0
1488980419.0
1486910564.0
1484506708.0
1483508510.0
1483290258.0
1481594402.0
1480492740.0
1477915449.0
1474900209.0
1473667084.0
1472093686.0
1471414759.0
1470496298.0
1470040299.0
1469674433.0
1468298604.0
1468157131.0
1468120499.0
1468068189.0
1468043563.0
1467994117.0
1467599237.0
1467530209.0
1467290301.0
1467130976.0
1466830553.0
1466501242.0
1466275105.0
1466156135.0
1466072739.0
1465868356.0
1465787898.0
1465535666.0
1464701343.0
1463819199.0
1463050027.0
1462715199.0
1462620820.0
1461416536.0
1460874626.0
1460008355.0
1458704205.0
1457439232.0
1457196158.0
1456143059.0
1454058339.0
1453776652.0
1453014185.0
1452240934.0
1450087421.0
1449539777.0
1448985545.0
1448364952.0
1448197279.0
1447861419.0
1447573660.0
1447336311.0
1447326106.0
1447306522.0
1447241195.0
1447204038.0
1447129479.0
1447113549.0
1446458732.0
1446305762.0
1446207340.0
1446092507.0
1446035603.0
1445840842.0
1443917269.0
1443285816.0
1441674814.0
1439615909.0
1439361737.0
1438924597.0
1437952133.0
1437290141.0
1436076736.0
1435762978.0
1435491672.0
1435369119.0
1435125135.0
1435032609.0
1434728343.0
1433959666.0
1433729926.0
1433484616.0
1433321543.0
1433312776.0
1433302144.0
1433271260.0
1433070151.0
1432005141.0
1431529269.0
1430648318.0
1429454938.0
1428641392.0
1428462499.0
1427960810.0
1427031879.0
1426829489.0
1426395216.0
1425535679.0
1425317401.0
1403778699.0
1403741758.0
1403680346.0
1403670003.0
1403655990.0
1403636860.0
1403634158.0
