1564660209.0
1564546138.0
1564319133.0
1564226925.0
1564209044.0
1564060226.0
1563979373.0
1563884419.0
1563775494.0
1563642150.0
1563609792.0
1563534453.0
1563242096.0
1563118028.0
1563007626.0
1562745082.0
1562463457.0
1562313233.0
1562038986.0
1561871177.0
1561559156.0
1561514199.0
1561292893.0
1561222121.0
1560987970.0
1560906620.0
1560825094.0
1560733903.0
1560689773.0
1560598143.0
1560487362.0
1560435808.0
1560393755.0
1560264935.0
1560056860.0
1559782823.0
1559730379.0
1559632878.0
1559516256.0
1559381350.0
1559209501.0
1559060805.0
1558918353.0
1558809873.0
1558544446.0
1558309018.0
1558225968.0
1558009706.0
1557808835.0
1557788757.0
1557590464.0
1557489406.0
1557454129.0
1557412888.0
1557323078.0
1557246311.0
1557215308.0
1557149849.0
1556951518.0
1556573049.0
1556528837.0
1556407538.0
1556234773.0
1556009487.0
1555916746.0
1555902995.0
1555821108.0
1555646028.0
1555634542.0
1555433036.0
1555332854.0
1555287462.0
1555074142.0
1555026702.0
1554855970.0
1554710620.0
1554626392.0
1554359930.0
1554197787.0
1554120913.0
1554041373.0
1553787669.0
1553567202.0
1553416891.0
1553312415.0
1553158366.0
1553141875.0
1552880356.0
1552809844.0
1552664920.0
1552462183.0
1552191897.0
1551925586.0
1551689639.0
1551533328.0
1551333130.0
1551189778.0
1551027173.0
1550734755.0
1550558540.0
1550527777.0
1550316108.0
1550240650.0
1550221091.0
1550044724.0
1549952070.0
1549697245.0
1549375924.0
1548918749.0
1548815532.0
1548663438.0
1548644712.0
1548437211.0
1548083633.0
1547621013.0
1547560193.0
1547522571.0
1547272214.0
1547124320.0
1546914088.0
1546781923.0
1546595251.0
1546169551.0
1545787132.0
1545361643.0
1545021885.0
1544791813.0
1544775319.0
1544521949.0
1544340303.0
1544072442.0
1544071440.0
1544059088.0
1543807134.0
1543359035.0
1542799463.0
1542704944.0
1542622286.0
1542468160.0
1542187884.0
1542003484.0
1541922434.0
1541679072.0
1541562209.0
1541479748.0
1541162697.0
1541041060.0
1540949797.0
1540872453.0
1540718950.0
1540635905.0
1540584070.0
1540445505.0
1539939481.0
1539627633.0
1539359921.0
1539319832.0
1538998221.0
1538904654.0
1538790032.0
1538521339.0
1538451785.0
1538327509.0
1538238785.0
1538202441.0
1538131455.0
1538092375.0
1537794679.0
1537597188.0
1537490361.0
1537328875.0
1537238108.0
1537110078.0
1537028701.0
1537005311.0
1536988330.0
1536838153.0
1536569746.0
1536494476.0
1536244131.0
1536047511.0
1535900472.0
1535826934.0
1535715400.0
1535637009.0
1535517198.0
1535435244.0
1535346846.0
1535281261.0
1535169653.0
1535112160.0
1535071992.0
1535023026.0
1534999655.0
1534973426.0
1534945653.0
1534936555.0
1534928721.0
1534927572.0
