1564756211.0
1564715606.0
1564660529.0
1564638863.0
1564592269.0
1564567427.0
1564559887.0
1564497416.0
1564478702.0
1564446996.0
1564380973.0
1564367971.0
1564325525.0
1564236344.0
1564195173.0
1564067057.0
1564004229.0
1563950795.0
1563781498.0
1563681912.0
1563597689.0
1563594952.0
1563584957.0
1563496814.0
1563378662.0
1563322590.0
1563289572.0
1563241251.0
1563193424.0
1563180231.0
1563166453.0
1562992598.0
1562916697.0
1562893691.0
1562878422.0
1562816295.0
1562687836.0
1562666278.0
1562647364.0
1562572525.0
1562428997.0
1562347319.0
1562204326.0
1562135561.0
1562077179.0
1562040878.0
1561896341.0
1561735034.0
1561639271.0
1561560220.0
1561514520.0
1561441545.0
1561424600.0
1561392240.0
1561373310.0
1561343810.0
1561298071.0
1561175467.0
1561089251.0
1561015323.0
1560970525.0
1560870713.0
1560829638.0
1560761715.0
1560744426.0
1560578744.0
1560530060.0
1560496153.0
1560393752.0
1560233782.0
1560149983.0
1559976465.0
1559925877.0
1559870064.0
1559785445.0
1559711296.0
1559647111.0
1559627219.0
1559518742.0
1559422957.0
1559388180.0
1559270089.0
1559110575.0
1558982807.0
1558951799.0
1558868956.0
1558815497.0
1558768858.0
1558705010.0
1558669746.0
1558582672.0
1558495477.0
1558372957.0
1558328341.0
1558242482.0
1558168176.0
1558092423.0
1558023673.0
1557978358.0
1557900182.0
1557766416.0
1557669638.0
1557556841.0
1557452192.0
1557368341.0
1557228393.0
1557050203.0
1557015507.0
1556965308.0
1556887212.0
1556802488.0
1556675330.0
1556507702.0
1556363501.0
1556261007.0
1556157527.0
1556060360.0
1556015369.0
1555923694.0
1555901664.0
1555741179.0
1555681380.0
1555603542.0
1555553332.0
1555460673.0
1555399675.0
1555379682.0
1555313198.0
1555157434.0
1555067682.0
1555044744.0
1554885080.0
1554862715.0
1554817741.0
1554683794.0
1554525888.0
1554470676.0
1554384845.0
1554351180.0
1554262359.0
1554227165.0
1554197920.0
1554172251.0
1554115349.0
1554052221.0
1553983631.0
1553951662.0
1553913533.0
1553840934.0
1553812879.0
1553763224.0
1553745129.0
1553643007.0
1553619372.0
1553564561.0
1553514102.0
1553486687.0
1553438652.0
1553402793.0
1553323677.0
1553309850.0
1553304294.0
1553220632.0
1553171003.0
1553097048.0
1553063552.0
1553013044.0
1552976916.0
1552960097.0
1552895959.0
1552876465.0
1552875208.0
1552818794.0
1552740908.0
1552651272.0
1552649616.0
1552631668.0
1552574236.0
1552555423.0
1552554793.0
1552472796.0
1552459739.0
1552450075.0
1552438179.0
1552399261.0
1552361278.0
1552314176.0
1552289720.0
1552225363.0
1552115447.0
1552107951.0
1552097485.0
1552033867.0
1552004766.0
1551937214.0
1551934843.0
1551882085.0
1551864234.0
1551856952.0
