1564821235.0
1564805333.0
1564760085.0
1564731996.0
1564716613.0
1564705716.0
1564683612.0
1564660661.0
1564651615.0
1564647413.0
1564636254.0
1564551395.0
1564487550.0
1564461232.0
1564389705.0
1564242356.0
1564125899.0
1563951033.0
1563884225.0
1563802830.0
1563775750.0
1563760727.0
1563687499.0
1563474500.0
1563417521.0
1563326251.0
1563032437.0
1562862085.0
1562765839.0
1562669920.0
1562637850.0
1562599490.0
1562572660.0
1562568600.0
1562515754.0
1562490440.0
1562473105.0
1562388195.0
1562343772.0
1562340010.0
1562329821.0
1562321345.0
1562316692.0
1562309295.0
1562303437.0
1562301057.0
1562299275.0
1562297782.0
1562296236.0
1562295234.0
1562294467.0
1562293426.0
1562292584.0
1562291508.0
1562290216.0
1562289247.0
1562288577.0
1562287908.0
1562287227.0
1562286728.0
1562286231.0
1562285533.0
1562284714.0
1562284203.0
1562283416.0
1562282708.0
1562281328.0
1562278311.0
1562270854.0
1562266654.0
1562264114.0
1562262142.0
1562260547.0
1562259763.0
1562259521.0
1562258553.0
1562257904.0
1562257360.0
1562257050.0
1562256690.0
1562256329.0
1562256200.0
1562256103.0
1562255908.0
1562255825.0
1562255644.0
1562255580.0
1562255449.0
1562255358.0
1562255285.0
1562255255.0
1562255203.0
1562255158.0
1562255100.0
1562255080.0
1562255037.0
1562254975.0
1562254929.0
1562254895.0
1562254875.0
1562254862.0
1562254848.0
1562254820.0
1562254796.0
1562254772.0
1562254754.0
1562254748.0
1562254738.0
1562254725.0
1562254680.0
1562254634.0
1562253765.0
1562035506.0
1561905869.0
1561852442.0
1561828339.0
1561819354.0
1561789575.0
1561769375.0
1561714594.0
1561654711.0
1561624310.0
1561538485.0
1561454908.0
1561258232.0
1561203457.0
1561182675.0
1561126674.0
1561101885.0
1561049570.0
1561040276.0
1561023350.0
1561013482.0
1561002463.0
1560989543.0
1560974792.0
1560961737.0
1560955131.0
1560953798.0
1560931261.0
1560911998.0
1560904202.0
1560900093.0
1560858420.0
1560836113.0
1560797021.0
1560782794.0
1560767913.0
1560736624.0
1560688218.0
1560664400.0
1560577630.0
1560507335.0
1560445334.0
1560403205.0
1560322609.0
1560161033.0
1560096339.0
1560064287.0
1560051309.0
1560001118.0
1559970726.0
1559959118.0
1559878746.0
1559795466.0
1559738325.0
1559722177.0
1559654746.0
1559532878.0
1559448603.0
1559277417.0
1559205414.0
1559114983.0
1559003857.0
1558958969.0
1558935126.0
1558839829.0
1558753165.0
1558721891.0
1558681893.0
1558663560.0
1558627430.0
1558594066.0
1558581776.0
1558491680.0
1558405918.0
1558350621.0
1558330911.0
1558321518.0
1558315979.0
1558285047.0
1558255585.0
1558229835.0
1558214629.0
1558197324.0
1558196646.0
1558195063.0
1558194231.0
1558192861.0
