1564824925.0
1564746477.0
1564727320.0
1564720304.0
1564694075.0
1564668525.0
1564641738.0
1564626286.0
1564570018.0
1564510546.0
1564501105.0
1564494186.0
1564489108.0
1564476615.0
1564435443.0
1564408978.0
1564381610.0
1564330388.0
1564288549.0
1564226520.0
1564218720.0
1564189941.0
1564133051.0
1564094585.0
1564054748.0
1564030896.0
1564018418.0
1563949326.0
1563902758.0
1563869689.0
1563863857.0
1563774848.0
1563752446.0
1563701642.0
1563674594.0
1563671884.0
1563615061.0
1563593443.0
1563543851.0
1563509276.0
1563452130.0
1563415114.0
1563385898.0
1563336823.0
1563321581.0
1563273094.0
1563241325.0
1563155756.0
1563096353.0
1563069300.0
1563026155.0
1562942390.0
1562930643.0
1562907865.0
1562900919.0
1562834004.0
1562808113.0
1562800848.0
1562732505.0
1562658068.0
1562596939.0
1562545488.0
1562492450.0
1562463099.0
1562414027.0
1562373216.0
1562318527.0
1562302184.0
1562285044.0
1562219766.0
1562201563.0
1562165141.0
1562128278.0
1562092632.0
1562074877.0
1562063283.0
1561991892.0
1561977425.0
1561943689.0
1561902838.0
1561884157.0
1561880469.0
1561878879.0
1561877148.0
1561875150.0
1561873969.0
1561872095.0
1561871171.0
1561868882.0
1561866982.0
1561866597.0
1561865835.0
1561865231.0
1561864614.0
1561861998.0
1561860726.0
1561859723.0
1561857259.0
1561855214.0
1561853206.0
1561846143.0
1561823634.0
1561771180.0
1561680160.0
1561641390.0
1561572965.0
1561538006.0
1561456670.0
1561393139.0
1561361589.0
1561307022.0
1561269133.0
1561231411.0
1561216577.0
1561193005.0
1561176247.0
1561166282.0
1561134934.0
1561087297.0
1561048169.0
1561026894.0
1561001143.0
1560960863.0
1560915481.0
1560912718.0
1560878021.0
1560858522.0
1560846431.0
1560829180.0
1560820381.0
1560788905.0
1560781898.0
1560769323.0
1560759739.0
1560751505.0
1560743244.0
1560731382.0
1560698338.0
1560691500.0
1560677376.0
1560662637.0
1560655722.0
1560639873.0
1560603602.0
1560601380.0
1560594953.0
1560588455.0
1560572610.0
1560566147.0
1560556711.0
1560529429.0
1560518358.0
1560511277.0
1560503639.0
1560486873.0
1560480557.0
1560453930.0
1560435424.0
1560421338.0
1560412197.0
1560405772.0
1560396597.0
1560381274.0
1560340093.0
1560327784.0
1560315806.0
1560297703.0
1560267561.0
1560251415.0
1560232423.0
1560224410.0
1560220220.0
1560190461.0
1560166740.0
1560160997.0
1560154475.0
1560146560.0
1560136004.0
1560130840.0
1560124119.0
1560090112.0
1560078477.0
1560067389.0
1560060049.0
1560053934.0
1560041831.0
1560003814.0
1559988102.0
1559971414.0
1559937702.0
1559905863.0
1559895003.0
1559878784.0
1559871219.0
1559830737.0
1559818493.0
1559808357.0
1559794653.0
1559791505.0
