1564912392.0
1564899649.0
1564894218.0
1564883544.0
1564849074.0
1564836352.0
1564824618.0
1564806467.0
1564800597.0
1564797247.0
1564779829.0
1564748896.0
1564739510.0
1564714758.0
1564676149.0
1564660933.0
1564646058.0
1564642078.0
1564637483.0
1564626268.0
1564624790.0
1564620366.0
1564576671.0
1564566634.0
1564535485.0
1564502702.0
1564495605.0
1564491433.0
1564485129.0
1564477201.0
1564466597.0
1564458732.0
1564456748.0
1564451663.0
1564401856.0
1564383267.0
1564327943.0
1564318056.0
1564297937.0
1564286234.0
1564248353.0
1564195004.0
1564167459.0
1564153592.0
1564139750.0
1564127268.0
1564115503.0
1564111690.0
1564107270.0
1564056027.0
1564030009.0
1564010748.0
1563976295.0
1563965178.0
1563960318.0
1563933886.0
1563888176.0
1563864682.0
1563843676.0
1563783313.0
1563777155.0
1563760342.0
1563710596.0
1563689006.0
1563629747.0
1563598075.0
1563555383.0
1563534965.0
1563506392.0
1563459578.0
1563437419.0
1563406635.0
1563376621.0
1563367029.0
1563344654.0
1563324879.0
1563288268.0
1563266909.0
1563240333.0
1563190312.0
1563165037.0
1563137685.0
1563114498.0
1563068126.0
1563016609.0
1563001630.0
1562941768.0
1562918643.0
1562893353.0
1562841500.0
1562795796.0
1562767633.0
1562754331.0
1562717639.0
1562669893.0
1562661783.0
1562651735.0
1562642794.0
1562635773.0
1562598821.0
1562589018.0
1562567001.0
1562560389.0
1562542813.0
1562509868.0
1562460729.0
1562404456.0
1562387939.0
1562309560.0
1562295393.0
1562257606.0
1562244762.0
1562233970.0
1562216586.0
1562160764.0
1562134208.0
1562118494.0
1562087558.0
1562074912.0
1562040766.0
1561985850.0
1561974451.0
1561965054.0
1561958634.0
1561905659.0
1561884217.0
1561821208.0
1561810759.0
1561805154.0
1561798905.0
1561794065.0
1561781761.0
1561765699.0
1561723726.0
1561702178.0
1561652444.0
1561642063.0
1561639340.0
1561619035.0
1561613564.0
1561601267.0
1561554596.0
1561522470.0
1561475682.0
1561441092.0
1561431984.0
1561379920.0
1561355544.0
1561348166.0
1561301213.0
1561282774.0
1561262603.0
1561206213.0
1561127284.0
1561091096.0
1561036051.0
1561013318.0
1560991521.0
1560940911.0
1560921728.0
1560867350.0
1560793244.0
1560776897.0
1560713130.0
1560675946.0
1560648685.0
1560519034.0
1560481842.0
1560426932.0
1560390189.0
1560328604.0
1560316354.0
1560260129.0
1560235482.0
1560225173.0
1560213894.0
1560162930.0
1560142278.0
1560136546.0
1560084773.0
1560062796.0
1559984125.0
1559923442.0
1559892774.0
1559870902.0
1559806522.0
1559794326.0
1559681714.0
1559608342.0
1559557514.0
1559524837.0
1559478655.0
1559446438.0
