1564928566.0
1564914655.0
1564901638.0
1564890507.0
1564879332.0
1564847304.0
1564841872.0
1564835261.0
1564821235.0
1564811953.0
1564804446.0
1564798004.0
1564793423.0
1564786012.0
1564766925.0
1564764796.0
1564759956.0
1564740483.0
1564732420.0
1564727812.0
1564722297.0
1564718287.0
1564710461.0
1564682609.0
1564670885.0
1564652757.0
1564641415.0
1564629605.0
1564589286.0
1564576949.0
1564568164.0
1564561881.0
1564556994.0
1564547202.0
1564540266.0
1564491533.0
1564483860.0
1564482295.0
1564469442.0
1564462907.0
1564458732.0
1564453167.0
1564448127.0
1564402774.0
1564385839.0
1564383267.0
1564367951.0
1564332650.0
1564329440.0
1564319439.0
1564298193.0
1564286522.0
1564252668.0
1564234092.0
1564210606.0
1564198470.0
1564158026.0
1564142323.0
1564133419.0
1564128061.0
1564107760.0
1564102736.0
1564075707.0
1564061250.0
1564042636.0
1564030009.0
1564015787.0
1563985101.0
1563976641.0
1563965823.0
1563955670.0
1563932395.0
1563891900.0
1563874091.0
1563856581.0
1563848994.0
1563811140.0
1563794074.0
1563783411.0
1563771141.0
1563761184.0
1563756932.0
1563751678.0
1563725038.0
1563711616.0
1563695142.0
1563667479.0
1563635782.0
1563630478.0
1563607907.0
1563593683.0
1563545315.0
1563535700.0
1563507465.0
1563499816.0
1563470803.0
1563448909.0
1563443191.0
1563419870.0
1563377724.0
1563367971.0
1563352266.0
1563338949.0
1563331038.0
1563297219.0
1563282108.0
1563257878.0
1563228105.0
1563209370.0
1563196410.0
1563187110.0
1563182214.0
1563176398.0
1563173736.0
1563164804.0
1563153245.0
1563111215.0
1563096779.0
1563085040.0
1563080810.0
1563071714.0
1563030940.0
1563017507.0
1563004935.0
1562979476.0
1562927542.0
1562918475.0
1562901087.0
1562865739.0
1562857334.0
1562840841.0
1562825373.0
1562792518.0
1562755631.0
1562750772.0
1562739086.0
1562729587.0
1562714294.0
1562685694.0
1562674463.0
1562669096.0
1562665119.0
1562644075.0
1562635686.0
1562622584.0
1562607616.0
1562594919.0
1562589945.0
1562587606.0
1562585416.0
1562578500.0
1562574653.0
1562570410.0
1562568380.0
1562566632.0
1562563949.0
1562562601.0
1562559951.0
1562556951.0
1562555864.0
1562554404.0
1562553343.0
1562552026.0
1562550703.0
1562548772.0
1562547878.0
1562546513.0
1562543636.0
1562541894.0
1562538586.0
1562524596.0
1562519912.0
1562518473.0
1562516608.0
1562515413.0
1562513923.0
1562511882.0
1562505623.0
1562496997.0
1562489192.0
1562485920.0
1562479909.0
1562465218.0
1562445489.0
1562432371.0
1562422283.0
1562412947.0
1562393287.0
1562386835.0
1562379963.0
1562373347.0
1562338244.0
1562324724.0
1562316130.0
1562306565.0
1562297413.0
1562291816.0
1562288201.0
1562285817.0
