1564966792.0
1564965121.0
1564957982.0
1564943289.0
1564932613.0
1564926559.0
1564919123.0
1564910607.0
1564905159.0
1564898987.0
1564895218.0
1564894153.0
1564891587.0
1564890291.0
1564884213.0
1564883373.0
1564879988.0
1564852389.0
1564845933.0
1564843843.0
1564841960.0
1564837711.0
1564831227.0
1564827676.0
1564823296.0
1564816843.0
1564815290.0
1564811710.0
1564808626.0
1564808150.0
1564807313.0
1564804655.0
1564802980.0
1564799677.0
1564798135.0
1564796264.0
1564793889.0
1564791443.0
1564787902.0
1564781675.0
1564769936.0
1564766984.0
1564765472.0
1564764169.0
1564761540.0
1564758779.0
1564758351.0
1564753477.0
1564748397.0
1564746317.0
1564743652.0
1564741979.0
1564739618.0
1564736536.0
1564734472.0
1564730854.0
1564729371.0
1564727156.0
1564725430.0
1564723042.0
1564720854.0
1564719560.0
1564716767.0
1564715765.0
1564714366.0
1564713130.0
1564712101.0
1564711207.0
1564710116.0
1564709584.0
1564707081.0
1564700167.0
1564685269.0
1564677186.0
1564672168.0
1564670006.0
1564666847.0
1564664961.0
1564663750.0
1564659527.0
1564654301.0
1564651607.0
1564649238.0
1564646386.0
1564644053.0
1564642825.0
1564641969.0
1564639116.0
1564636224.0
1564631802.0
1564627268.0
1564626851.0
1564626036.0
1564625272.0
1564623161.0
1564620341.0
1564618888.0
1564617372.0
1564604681.0
1564593839.0
1564591386.0
1564589237.0
1564586950.0
1564583400.0
1564581478.0
1564579781.0
1564573443.0
1564569046.0
1564567280.0
1564565280.0
1564563928.0
1564560558.0
1564558199.0
1564555635.0
1564553775.0
1564552865.0
1564551628.0
1564547247.0
1564545573.0
1564544538.0
1564542603.0
1564540645.0
1564539774.0
1564538656.0
1564537418.0
1564536057.0
1564533146.0
1564530527.0
1564524831.0
1564508102.0
1564505331.0
1564501404.0
1564497766.0
1564495485.0
1564493312.0
1564491213.0
1564488279.0
1564485329.0
1564482571.0
1564479498.0
1564478401.0
1564477160.0
1564476164.0
1564475073.0
1564472389.0
1564469828.0
1564466498.0
1564465981.0
1564463797.0
1564462343.0
1564459858.0
1564456510.0
1564455758.0
1564454217.0
1564453236.0
1564451334.0
1564450003.0
1564447671.0
1564444036.0
1564431393.0
1564427052.0
1564418551.0
1564415459.0
1564414380.0
1564411273.0
1564409309.0
1564407598.0
1564403617.0
1564402062.0
1564399254.0
1564397654.0
1564397198.0
1564395992.0
1564392598.0
