1564929853.0
1564903867.0
1564889565.0
1564876267.0
1564847240.0
1564832583.0
1564817961.0
1564796998.0
1564765528.0
1564748499.0
1564739827.0
1564732532.0
1564718098.0
1564713467.0
1564709051.0
1564685526.0
1564654183.0
1564651711.0
1564648500.0
1564640410.0
1564631168.0
1564626499.0
1564622163.0
1564588664.0
1564583939.0
1564574346.0
1564559426.0
1564546143.0
1564542108.0
1564520502.0
1564498011.0
1564480026.0
1564465016.0
1564450890.0
1564417019.0
1564399474.0
1564385908.0
1564377570.0
1564371689.0
1564364418.0
1564327215.0
1564303485.0
1564299862.0
1564284459.0
1564248353.0
1564237822.0
1564221006.0
1564200184.0
1564192273.0
1564156513.0
1564148506.0
1564135235.0
1564131450.0
1564126738.0
1564113133.0
1564100609.0
1564061250.0
1564052717.0
1564049184.0
1564047075.0
1564043296.0
1564035646.0
1564027441.0
1564022831.0
1564016456.0
1563996330.0
1563984308.0
1563972061.0
1563959671.0
1563953715.0
1563949401.0
1563943065.0
1563941368.0
1563938626.0
1563934320.0
1563927485.0
1563901744.0
1563891964.0
1563876874.0
1563862616.0
1563854920.0
1563846537.0
1563843253.0
1563839763.0
1563813658.0
1563807010.0
1563801544.0
1563793717.0
1563787821.0
1563780023.0
1563770162.0
1563763312.0
1563757936.0
1563755000.0
1563740935.0
1563720640.0
1563715353.0
1563708857.0
1563702334.0
1563694023.0
1563689222.0
1563682953.0
1563679732.0
1563672243.0
1563665716.0
1563640732.0
1563634684.0
1563623202.0
1563617685.0
1563611143.0
1563606689.0
1563595839.0
1563591338.0
1563589039.0
1563584847.0
1563575155.0
1563548016.0
1563541466.0
1563534108.0
1563530295.0
1563528011.0
1563526185.0
1563518347.0
1563511437.0
1563506772.0
1563502016.0
1563499206.0
1563491810.0
1563474500.0
1563463279.0
1563458912.0
1563456925.0
1563453198.0
1563451390.0
1563448514.0
1563442479.0
1563437435.0
1563433947.0
1563431415.0
1563429092.0
1563427460.0
1563424649.0
1563422498.0
1563419955.0
1563419173.0
1563418385.0
1563416722.0
1563415530.0
1563414393.0
1563413000.0
1563412218.0
1563411864.0
1563411192.0
1563409499.0
1563408395.0
1563407655.0
1563405128.0
1563403847.0
1563399777.0
1563394401.0
1563385133.0
1563383293.0
1563380529.0
1563379554.0
1563376858.0
1563374677.0
1563372147.0
1563368301.0
1563365835.0
1563362465.0
1563361360.0
1563360493.0
1563360151.0
1563358798.0
1563357972.0
1563357402.0
1563356912.0
1563356669.0
1563356060.0
1563351109.0
1563342585.0
1563337179.0
1563331038.0
1563301648.0
1563290453.0
1563285028.0
1563271829.0
1563248895.0
1563243443.0
1563190422.0
1563182852.0
1563171282.0
1563164053.0
1563162917.0
1563155718.0
1563149409.0
1563143877.0
1563128724.0
1563119320.0
