1564888906.0
1564839710.0
1564797338.0
1564756772.0
1564746114.0
1564739260.0
1564729495.0
1564722747.0
1564714895.0
1564711566.0
1564708585.0
1564697486.0
1564678268.0
1564677285.0
1564674656.0
1564649004.0
1564569442.0
1564538301.0
1564412826.0
1564365791.0
1564288221.0
1564216503.0
1564193730.0
1564153640.0
1564149638.0
1564130186.0
1564114894.0
1564110060.0
1564072525.0
1564066225.0
1564054139.0
1563962435.0
1563939874.0
1563895938.0
1563761164.0
1563554559.0
1563520356.0
1563461415.0
1563425815.0
1563374909.0
1563328811.0
1563278880.0
1563254788.0
1563205428.0
1563155918.0
1563079365.0
1562912927.0
1562808273.0
1562562925.0
1562513056.0
1562376250.0
1562239453.0
1562213081.0
1562122848.0
1561992977.0
1561906875.0
1561821868.0
1561726195.0
1561704394.0
1561651454.0
1561631768.0
1561613631.0
1561597873.0
1561554219.0
1561533260.0
1561518687.0
1561482930.0
1561455617.0
1561428704.0
1561341840.0
1561177426.0
1561110861.0
1561015629.0
1560905081.0
1560825343.0
1560764122.0
1560709604.0
1560683912.0
1560604955.0
1560586366.0
1560581490.0
1560525522.0
1560488372.0
1560411650.0
1560392895.0
1560351421.0
1560267472.0
1560235796.0
1560220299.0
1560171266.0
1560154011.0
1560140761.0
1560096822.0
1560086950.0
1560076087.0
1560055735.0
1559982720.0
1559891031.0
1559876928.0
1559831951.0
1559815501.0
1559797421.0
1559778611.0
1559746195.0
1559736350.0
1559715259.0
1559707192.0
1559690855.0
1559654403.0
1559630182.0
1559603345.0
1559566370.0
1559552294.0
1559539923.0
1559532575.0
1559499513.0
1559475268.0
1559451523.0
1559438432.0
1559412808.0
1559401009.0
1559398650.0
1559396182.0
1559392373.0
1559390451.0
1559388370.0
1559381339.0
1559375029.0
1559352630.0
1559304639.0
1559294826.0
1559290670.0
1559279828.0
1559272999.0
1559262454.0
1559228919.0
1559222017.0
1559219736.0
1559216058.0
1559212713.0
1559207259.0
1559202193.0
1559193100.0
1559186108.0
1559181453.0
1559179110.0
1559173986.0
1559169605.0
1559167270.0
1559165877.0
1559165468.0
1559136579.0
1559115059.0
1559054953.0
1559016537.0
1558966831.0
1558935048.0
1558883544.0
1558848573.0
1558782509.0
1558713274.0
1558689082.0
1558668078.0
1558611824.0
1558595645.0
1558538347.0
1558507958.0
1558496764.0
1558481521.0
1558421782.0
1558411097.0
1558405607.0
1558336594.0
1558260173.0
1558144408.0
1558073589.0
1558057281.0
1558028631.0
1558004323.0
1557986692.0
1557980633.0
1557973914.0
1557910769.0
1557899007.0
1557884372.0
1557859520.0
1557830451.0
1557817288.0
1557805037.0
1557750558.0
1557744632.0
1557723081.0
1557679957.0
1557672959.0
1557648902.0
1557632206.0
1557616583.0
1557562448.0
1557524934.0
