1564931768.0
1564919031.0
1564914885.0
1564908361.0
1564905161.0
1564903696.0
1564896689.0
1564889881.0
1564886445.0
1564861928.0
1564848194.0
1564846482.0
1564837259.0
1564829489.0
1564816431.0
1564804470.0
1564798270.0
1564762846.0
1564752525.0
1564742902.0
1564737146.0
1564719359.0
1564711638.0
1564708212.0
1564666229.0
1564657538.0
1564651681.0
1564648848.0
1564642737.0
1564629731.0
1564626375.0
1564623657.0
1564615703.0
1564584596.0
1564579064.0
1564576617.0
1564573600.0
1564570352.0
1564567869.0
1564559620.0
1564551830.0
1564544284.0
1564527329.0
1564504986.0
1564503081.0
1564497706.0
1564493768.0
1564483212.0
1564477971.0
1564471822.0
1564461044.0
1564457470.0
1564453486.0
1564422941.0
1564407800.0
1564394030.0
1564382739.0
1564375742.0
1564367173.0
1564362363.0
1564333836.0
1564323151.0
1564311086.0
1564295544.0
1564291308.0
1564282979.0
1564273989.0
1564247478.0
1564240629.0
1564236766.0
1564235268.0
1564222992.0
1564207633.0
1564202669.0
1564196344.0
1564169182.0
1564153508.0
1564134666.0
1564119109.0
1564112220.0
1564107045.0
1564100969.0
1564077062.0
1564060536.0
1564048722.0
1564041358.0
1564036634.0
1564031744.0
1564022926.0
1564018497.0
1564011586.0
1563991829.0
1563981796.0
1563979445.0
1563977712.0
1563973036.0
1563965632.0
1563950204.0
1563940935.0
1563920440.0
1563892865.0
1563881477.0
1563875339.0
1563867758.0
1563858176.0
1563853063.0
1563848058.0
1563841314.0
1563836353.0
1563810247.0
1563794814.0
1563787878.0
1563784403.0
1563783021.0
1563781110.0
1563778185.0
1563777111.0
1563771095.0
1563767640.0
1563764746.0
1563761828.0
1563755426.0
1563729293.0
1563722013.0
1563716914.0
1563706491.0
1563703243.0
1563695427.0
1563685982.0
1563678979.0
1563648274.0
1563635902.0
1563631278.0
1563623816.0
1563619125.0
1563611702.0
1563593552.0
1563545521.0
1563521996.0
1563496833.0
1563460906.0
1563430331.0
1563417241.0
1563411498.0
1563371759.0
1563365251.0
1563343043.0
1563330502.0
1563297745.0
1563277645.0
1563269594.0
1563249106.0
1563238790.0
1563203007.0
1563201446.0
1563198737.0
1563189270.0
1563180258.0
1563168921.0
1563155786.0
1563131347.0
1563111962.0
1563101093.0
1563085939.0
1563070307.0
1563066432.0
1563034301.0
1563026175.0
1562985998.0
1562945523.0
1562922967.0
1562919618.0
1562915734.0
1562903391.0
1562897633.0
1562878777.0
1562854222.0
1562833476.0
1562825890.0
1562811772.0
1562809140.0
1562774410.0
1562755442.0
1562742794.0
1562737501.0
1562732451.0
1562717820.0
1562685710.0
