1564330388.0
1563431167.0
1563259076.0
1563002832.0
1562891905.0
1562580971.0
1561976033.0
1561508251.0
1561428876.0
1561257125.0
1561203843.0
1560914108.0
1560418192.0
1560275099.0
1560155830.0
1559818493.0
1559735804.0
1559174385.0
1558846667.0
1558510471.0
1558205734.0
1557918966.0
1557662559.0
1556627756.0
1556524616.0
1556036451.0
1555815515.0
1555472368.0
1555463458.0
1554968263.0
1554818763.0
1554655973.0
1554437612.0
1554052749.0
1554039714.0
1554002672.0
1553896953.0
1553757538.0
1552905369.0
1552354675.0
1552155624.0
1551666978.0
1551414379.0
1551081306.0
1550788049.0
1550643293.0
1550239235.0
1549778716.0
1549610543.0
1548848805.0
1548323907.0
1547204589.0
1546198690.0
1545193113.0
1543470649.0
1542831997.0
1540963477.0
1540120943.0
1539415484.0
1538049124.0
1537394390.0
1536127262.0
1535704298.0
1535365359.0
1534882226.0
1534614054.0
1534476878.0
1533869735.0
1533340821.0
1532502684.0
1532009876.0
1531621567.0
1531457949.0
1530942910.0
1528976281.0
1527982117.0
1527432430.0
1526977585.0
1526909800.0
1526551372.0
1526448599.0
1526307165.0
1526177458.0
1525829124.0
1525622068.0
1524970587.0
1524552370.0
1524312209.0
1523723317.0
1523633213.0
1523218987.0
1523061912.0
1521600804.0
1520590195.0
1519814674.0
1519137412.0
1518604872.0
1517366614.0
1517097954.0
1516127980.0
1516010791.0
1514716046.0
1513397170.0
1512989721.0
1511602557.0
1509182756.0
1505898942.0
1504236915.0
1503288182.0
1502961385.0
1502087521.0
1501321667.0
1500875727.0
1500404662.0
1499969059.0
1499003003.0
1497094166.0
1496508203.0
1496022103.0
1494851922.0
1493866057.0
1493524104.0
1493034125.0
1491972850.0
1491474160.0
1489591339.0
1486098754.0
1483802245.0
1483009731.0
1481070358.0
1480683640.0
1480128693.0
1479869244.0
1479807748.0
1479789059.0
1479759407.0
1479695960.0
1479657926.0
1479555065.0
1478236422.0
1477387746.0
1476972494.0
1476714737.0
1475908781.0
1472319648.0
1469900843.0
1468046820.0
1467531306.0
1465475692.0
1464518927.0
1463403421.0
1462478006.0
1462009788.0
1461503311.0
1461298740.0
1460885795.0
1460726650.0
1460626842.0
1459785011.0
1458669580.0
1457926305.0
1457754046.0
1455094149.0
1453876490.0
1451901245.0
1451401818.0
1450223914.0
1449824258.0
1448902633.0
1447763313.0
1446825246.0
1446434696.0
1446289848.0
1445859088.0
1445426214.0
1445092513.0
1444809802.0
1444663870.0
1444415533.0
1443495371.0
1441586506.0
1440995887.0
1440833187.0
1440819140.0
1440817254.0
1439072489.0
1437725860.0
1437476844.0
1436593833.0
1435029482.0
1434619734.0
1434067973.0
1432917153.0
1432361765.0
1431572456.0
1428966948.0
1428936372.0
1428458742.0
1427699967.0
