1564821235.0
1564799677.0
1564792582.0
1564734822.0
1564718707.0
1564706531.0
1564663408.0
1564644104.0
1564636921.0
1564628939.0
1564584198.0
1564546952.0
1564501952.0
1564482603.0
1564461232.0
1564407366.0
1564383369.0
1564368528.0
1564333594.0
1564319439.0
1564296647.0
1564240022.0
1564227716.0
1564215274.0
1564207252.0
1564193557.0
1564192105.0
1564155548.0
1564129608.0
1564125189.0
1564116489.0
1564110415.0
1564106219.0
1564067440.0
1564044638.0
1564037520.0
1564021993.0
1563979393.0
1563956804.0
1563934802.0
1563863335.0
1563850171.0
1563812887.0
1563794074.0
1563780450.0
1563771141.0
1563758935.0
1563718236.0
1563700456.0
1563648686.0
1563630478.0
1563620207.0
1563593980.0
1563587311.0
1563540880.0
1563508866.0
1563464883.0
1563431546.0
1563412052.0
1563370657.0
1563356759.0
1563337637.0
1563323635.0
1563282108.0
1563250788.0
1563228105.0
1563202560.0
1563184313.0
1563170382.0
1563153935.0
1563123432.0
1563116903.0
1563108925.0
1563077729.0
1563028519.0
1562995589.0
1562986299.0
1562923630.0
1562904259.0
1562857277.0
1562854514.0
1562836630.0
1562811239.0
1562768469.0
1562754562.0
1562743420.0
1562730450.0
1562681129.0
1562666756.0
1562645144.0
1562583344.0
1562542649.0
1562502411.0
1562470771.0
1562422051.0
1562399536.0
1562385645.0
1562345476.0
1562322295.0
1562302073.0
1562295393.0
1562286866.0
1562251731.0
1562230513.0
1562224216.0
1562210597.0
1562182213.0
1562168511.0
1562161085.0
1562156973.0
1562142617.0
1562123453.0
1562114273.0
1562083009.0
1562074475.0
1562058752.0
1562045611.0
1562041122.0
1562038344.0
1562032404.0
1562020269.0
1562002941.0
1561989463.0
1561971802.0
1561965623.0
1561956768.0
1561943489.0
1561901424.0
1561884360.0
1561874324.0
1561826360.0
1561795739.0
1561754565.0
1561725952.0
1561719399.0
1561709991.0
1561700673.0
1561693657.0
1561683662.0
1561646324.0
1561627106.0
1561620008.0
1561605124.0
1561591963.0
1561563846.0
1561538347.0
1561530896.0
1561516517.0
1561482684.0
1561463186.0
1561453590.0
1561449996.0
1561437020.0
1561429805.0
1561385139.0
1561378831.0
1561375776.0
1561348929.0
1561342614.0
1561305542.0
1561294890.0
1561288072.0
1561269290.0
1561264933.0
1561260049.0
1561252424.0
1561220329.0
1561202901.0
1561173242.0
1561136732.0
1561108423.0
1561100902.0
1561088180.0
1561044558.0
1561036724.0
1561016028.0
1561005137.0
1560955078.0
1560945453.0
1560926918.0
1560912515.0
1560882854.0
1560861397.0
1560846759.0
1560835984.0
1560825043.0
1560810791.0
1560783943.0
1560771477.0
1560761228.0
1560758304.0
1560746035.0
1560740467.0
1560733817.0
1560727407.0
1560701303.0
1560696425.0
