1564910197.0
1564897916.0
1564889156.0
1564851580.0
1564847998.0
1564837252.0
1564814844.0
1564806163.0
1564792281.0
1564764955.0
1564757168.0
1564742661.0
1564735118.0
1564713794.0
1564709441.0
1564672049.0
1564664477.0
1564654355.0
1564641227.0
1564623018.0
1564579389.0
1564571735.0
1564559426.0
1564543492.0
1564533570.0
1564506513.0
1564488997.0
1564483393.0
1564482414.0
1564476176.0
1564469965.0
1564458444.0
1564454507.0
1564448103.0
1564444075.0
1564420194.0
1564398073.0
1564385268.0
1564378011.0
1564365626.0
1564355824.0
1564328831.0
1564311871.0
1564291687.0
1564283738.0
1564243224.0
1564229467.0
1564221992.0
1564202827.0
1564183862.0
1564162564.0
1564141460.0
1564133338.0
1564120895.0
1564113783.0
1564078497.0
1564067797.0
1564050143.0
1564039416.0
1564033159.0
1564021507.0
1564018613.0
1564001017.0
1563980649.0
1563967098.0
1563954447.0
1563947931.0
1563936086.0
1563898932.0
1563891900.0
1563879190.0
1563871940.0
1563861637.0
1563854326.0
1563848994.0
1563844632.0
1563814367.0
1563802258.0
1563793804.0
1563784522.0
1563777125.0
1563765691.0
1563759605.0
1563753410.0
1563730019.0
1563723680.0
1563709241.0
1563700530.0
1563689871.0
1563680439.0
1563674306.0
1563664133.0
1563639632.0
1563635229.0
1563621155.0
1563607015.0
1563590678.0
1563586231.0
1563571996.0
1563550885.0
1563536759.0
1563527129.0
1563523516.0
1563520678.0
1563517830.0
1563511865.0
1563508681.0
1563504459.0
1563501198.0
1563495494.0
1563465568.0
1563456071.0
1563450109.0
1563447587.0
1563441926.0
1563436230.0
1563423519.0
1563417331.0
1563388679.0
1563367598.0
1563357969.0
1563348184.0
1563341970.0
1563335936.0
1563333661.0
1563332775.0
1563326703.0
1563317391.0
1563293972.0
1563292496.0
1563280293.0
1563270054.0
1563264020.0
1563259391.0
1563252247.0
1563248950.0
1563245551.0
1563240340.0
1563212921.0
1563201065.0
1563195312.0
1563189998.0
1563185272.0
1563177303.0
1563172597.0
1563168848.0
1563163117.0
1563159968.0
1563156674.0
1563153857.0
1563152263.0
1563126494.0
1563115460.0
1563106506.0
1563101402.0
1563096104.0
1563093131.0
1563083090.0
1563079953.0
1563076331.0
1563066784.0
1563046523.0
1563030244.0
1563027916.0
1563021164.0
1563018347.0
1563015733.0
1563011792.0
1563010078.0
1563006480.0
1563004723.0
1562998451.0
1562995741.0
1562992658.0
1562989842.0
1562987210.0
1562985515.0
1562984371.0
1562982328.0
1562977870.0
1562971932.0
1562960724.0
1562952319.0
1562949129.0
1562946761.0
1562944126.0
1562943725.0
1562942792.0
1562942059.0
1562940959.0
1562939988.0
1562937969.0
1562920968.0
1562902462.0
1562894343.0
1562890129.0
1562857421.0
1562843674.0
1562843445.0
