1564798678.0
1564730007.0
1564672524.0
1564645341.0
1564554870.0
1564317969.0
1564223608.0
1564152117.0
1564039234.0
1563857847.0
1563681934.0
1563597605.0
1563430555.0
1563408865.0
1563296875.0
1563200351.0
1563160404.0
1563040976.0
1562929807.0
1562911495.0
1562895812.0
1562812541.0
1562695090.0
1562679672.0
1562663086.0
1562631123.0
1562594019.0
1562580100.0
1562560442.0
1562550223.0
1562503444.0
1562471726.0
1562425186.0
1562403897.0
1562395944.0
1562386627.0
1562379904.0
1562336492.0
1562303736.0
1562287644.0
1562238675.0
1562214229.0
1562158450.0
1562105612.0
1562049605.0
1562039407.0
1561995028.0
1561956626.0
1561807707.0
1561783609.0
1561682744.0
1561584552.0
1561526404.0
1561465427.0
1561371315.0
1561126637.0
1561036636.0
1561007718.0
1560945736.0
1560931394.0
1560867746.0
1560831368.0
1560783383.0
1560752875.0
1560692932.0
1560656017.0
1560615214.0
1560552513.0
1560522143.0
1560486848.0
1560434118.0
1560420149.0
1560359728.0
1560324176.0
1560262550.0
1560246642.0
1560204966.0
1560169606.0
1560134352.0
1560071880.0
1560056831.0
1560032499.0
1559998206.0
1559993094.0
1559974834.0
1559949556.0
1559905402.0
1559879128.0
1559866289.0
1559814659.0
1559786917.0
1559735577.0
1559727826.0
1559720690.0
1559698622.0
1559657980.0
1559629136.0
1559561371.0
1559532367.0
1559491294.0
1559442874.0
1559374895.0
1559325606.0
1559298894.0
1559279277.0
1559253049.0
1559213521.0
1559190927.0
1559180428.0
1559135312.0
1559119408.0
1559109285.0
1559101733.0
1559097263.0
1559086154.0
1559040849.0
1559028296.0
1559015232.0
1559010481.0
1558981399.0
1558966565.0
1558960443.0
1558950016.0
1558940449.0
1558932987.0
1558918327.0
1558910454.0
1558869607.0
1558860480.0
1558840904.0
1558809287.0
1558787859.0
1558764645.0
1558760373.0
1558758067.0
1558751254.0
1558745792.0
1558719151.0
1558713176.0
1558703153.0
1558694635.0
1558688369.0
1558662991.0
1558630975.0
1558599864.0
1558591367.0
1558577513.0
1558569969.0
1558563290.0
1558542473.0
1558532887.0
1558526399.0
1558519125.0
1558518226.0
1558510166.0
1558497664.0
1558487666.0
1558455579.0
1558443859.0
1558426432.0
1558413000.0
1558406259.0
1558396139.0
1558364905.0
1558331648.0
1558292637.0
1558255578.0
1558188433.0
1558167875.0
1558136452.0
1558088072.0
1558080998.0
1558053516.0
1558008530.0
1557995234.0
1557990047.0
1557978030.0
1557942691.0
1557912514.0
1557898434.0
1557880957.0
1557836708.0
1557826440.0
1557803918.0
1557796234.0
1557774794.0
1557743591.0
1557728965.0
1557721368.0
1557714228.0
1557710392.0
1557671625.0
1557659558.0
1557638877.0
1557633219.0
1557626621.0
1557593386.0
1557574935.0
1557567907.0
