1564460201.0
1564111043.0
1564025075.0
1563912807.0
1563766120.0
1563601281.0
1563250788.0
1563085041.0
1563059160.0
1562901918.0
1562814528.0
1562778466.0
1562741083.0
1562687659.0
1562640808.0
1562594540.0
1562583834.0
1562430338.0
1562313426.0
1562300057.0
1562297149.0
1562285817.0
1562244973.0
1562231108.0
1562202520.0
1562042370.0
1561978665.0
1561882982.0
1561623413.0
1561480825.0
1561439329.0
1561419320.0
1561302423.0
1561207137.0
1561115602.0
1561029875.0
1560952168.0
1560916263.0
1560854000.0
1560834799.0
1560795236.0
1560763799.0
1560749426.0
1560741989.0
1560733492.0
1560705272.0
1560695513.0
1560691422.0
1560432095.0
1560422883.0
1560351421.0
1560246911.0
1560159210.0
1560095481.0
1560086180.0
1560047428.0
1559992495.0
1559971962.0
1559957513.0
1559878332.0
1559816647.0
1559698012.0
1559603345.0
1559521976.0
1559482632.0
1559444339.0
1559390324.0
1559361924.0
1559306110.0
1559277377.0
1559272417.0
1559233188.0
1559221706.0
1559217188.0
1559214880.0
1559207928.0
1559199868.0
1559193142.0
1559187101.0
1559182640.0
1559179697.0
1559174288.0
1559169605.0
1559167270.0
1559165940.0
1559165468.0
1559150749.0
1559119210.0
1559106466.0
1559012950.0
1558668078.0
1558451583.0
1558288048.0
1558182319.0
1558078676.0
1558001168.0
1557986692.0
1557903777.0
1557824046.0
1557748951.0
1557719733.0
1557663379.0
1557627360.0
1557569907.0
1557542907.0
1557478677.0
1557461602.0
1557411197.0
1557361714.0
1557286813.0
1557274736.0
1557210112.0
1557191993.0
1557143547.0
1557121334.0
1557085358.0
1557029023.0
1556916553.0
1556840248.0
1556673854.0
1556641218.0
1556594468.0
1556537639.0
1556519722.0
1556512957.0
1556507960.0
1556500042.0
1556495839.0
1556474845.0
1556473750.0
1556472791.0
1556438457.0
1556417034.0
1556297711.0
1556253826.0
1556167188.0
1556097220.0
1556067142.0
1555925186.0
1555714473.0
1555560937.0
1555476860.0
1555398666.0
1555330024.0
1555319524.0
1555298533.0
1555292372.0
1555289703.0
1555272725.0
1555265220.0
1555264030.0
1555244795.0
1555146076.0
1555069607.0
1555061452.0
1555028229.0
1554892308.0
1554809452.0
1554637205.0
1554372809.0
1554276543.0
1554176244.0
1554100373.0
1554085349.0
1554049705.0
1554038680.0
1553590096.0
1553531026.0
1553347784.0
1553272871.0
1553151055.0
1552999019.0
1552870839.0
1552558327.0
1552468049.0
1552359923.0
1552291426.0
1552276521.0
1552261685.0
1552217455.0
1552038823.0
1551854372.0
1551798829.0
1551777535.0
1551545043.0
1551417113.0
1551356375.0
1551315502.0
1551287449.0
1551266683.0
1551257193.0
1551246510.0
1551233111.0
1551203624.0
1551195464.0
1551188317.0
1551184483.0
1551175641.0
1551168814.0
