1564969715.0
1564969497.0
1564969369.0
1564969042.0
1564968581.0
1564968338.0
1564968195.0
1564967731.0
1564967462.0
1564967001.0
1564966740.0
1564966199.0
1564965988.0
1564965731.0
1564965244.0
1564965057.0
1564964608.0
1564964141.0
1564963760.0
1564962575.0
1564961635.0
1564960936.0
1564960004.0
1564959688.0
1564958572.0
1564958039.0
1564951673.0
1564947305.0
1564944418.0
1564942230.0
1564941278.0
1564940400.0
1564939544.0
1564938664.0
1564937829.0
1564937583.0
1564937115.0
1564936744.0
1564936225.0
1564935949.0
1564935432.0
1564935118.0
1564934802.0
1564934500.0
1564933170.0
1564932903.0
1564932574.0
1564931784.0
1564931101.0
1564930510.0
1564930135.0
1564929695.0
1564929473.0
1564928961.0
1564928754.0
1564928527.0
1564928027.0
1564927253.0
1564926358.0
1564926000.0
1564925745.0
1564925419.0
1564925205.0
1564924796.0
1564924375.0
1564923581.0
1564922454.0
1564921965.0
1564921489.0
1564921179.0
1564920600.0
1564920145.0
1564919527.0
1564919103.0
1564918826.0
1564918318.0
1564917711.0
1564917423.0
1564917151.0
1564916356.0
1564916125.0
1564915590.0
1564915218.0
1564914894.0
1564914448.0
1564914338.0
1564913514.0
1564912852.0
1564912370.0
1564911851.0
1564911647.0
1564911441.0
1564911293.0
1564911076.0
1564910743.0
1564910471.0
1564910246.0
1564910028.0
1564909557.0
1564909146.0
1564908986.0
1564908693.0
1564908452.0
1564908118.0
1564907701.0
1564907341.0
1564907104.0
1564906837.0
1564906253.0
1564905930.0
1564905548.0
1564905302.0
1564904656.0
1564904027.0
1564903861.0
1564903565.0
1564902894.0
1564902201.0
1564902008.0
1564901553.0
1564901198.0
1564900547.0
1564900388.0
1564900133.0
1564899902.0
1564899731.0
1564899298.0
1564899072.0
1564898613.0
1564898326.0
1564898127.0
1564897578.0
1564896880.0
1564896444.0
1564896167.0
1564895992.0
1564895590.0
1564894940.0
1564894565.0
1564894271.0
1564893910.0
1564893450.0
1564892994.0
1564892359.0
1564891852.0
1564891561.0
1564891238.0
1564891013.0
1564890829.0
1564890677.0
1564890337.0
1564889954.0
1564889591.0
1564889467.0
1564889290.0
1564889046.0
1564888660.0
1564888417.0
1564887898.0
1564887656.0
1564887482.0
1564887268.0
1564886794.0
1564886619.0
1564886376.0
1564886233.0
1564886103.0
1564885641.0
1564885441.0
1564885146.0
1564884770.0
1564884584.0
1564884159.0
1564883781.0
1564883593.0
1564883393.0
1564883179.0
1564882918.0
1564882418.0
1564882278.0
1564882096.0
1564881993.0
1564881775.0
1564881643.0
1564881250.0
1564880834.0
1564880219.0
1564879701.0
1564878925.0
1564878256.0
1564877628.0
1564877422.0
1564876782.0
1564875358.0
1564874418.0
1564873979.0
