1564895999.0
1564861759.0
1564803777.0
1564764955.0
1564742661.0
1564726483.0
1564717702.0
1564707213.0
1564666259.0
1564656348.0
1564642784.0
1564636921.0
1564627941.0
1564623979.0
1564592181.0
1564577873.0
1564561806.0
1564542171.0
1564538959.0
1564500367.0
1564476034.0
1564466644.0
1564460815.0
1564456168.0
1564447555.0
1564416019.0
1564407578.0
1564401141.0
1564398955.0
1564391487.0
1564385564.0
1564368151.0
1564365915.0
1564361608.0
1564358241.0
1564334087.0
1564328640.0
1564322183.0
1564320482.0
1564317950.0
1564314215.0
1564310240.0
1564304201.0
1564291704.0
1564288824.0
1564287483.0
1564284774.0
1564277425.0
1564275257.0
1564257495.0
1564250076.0
1564245450.0
1564244787.0
1564241548.0
1564240022.0
1564236296.0
1564232155.0
1564229573.0
1564227581.0
1564217835.0
1564213647.0
1564206830.0
1564203490.0
1564196733.0
1564195353.0
1564191827.0
1564181618.0
1564154102.0
1564126659.0
1564107760.0
1564084083.0
1564051586.0
1564044552.0
1564041170.0
1564029428.0
1564022453.0
1563996826.0
1563987688.0
1563978384.0
1563963771.0
1563954479.0
1563942357.0
1563934229.0
1563922846.0
1563896590.0
1563891294.0
1563865007.0
1563859641.0
1563848031.0
1563806837.0
1563794074.0
1563782897.0
1563777264.0
1563761442.0
1563756932.0
1563725774.0
1563711717.0
1563676118.0
1563638394.0
1563624145.0
1563607907.0
1563535700.0
1563526146.0
1563508714.0
1563491224.0
1563460143.0
1563449005.0
1563441522.0
1563435894.0
1563423026.0
1563407042.0
1563368469.0
1563363929.0
1563352557.0
1563348488.0
1563336272.0
1563292838.0
1563269045.0
1563244968.0
1563207921.0
1563184313.0
1563173851.0
1563105121.0
1563010836.0
1562945536.0
1562916332.0
1562835218.0
1562813374.0
1562767594.0
1562745328.0
1562732463.0
1562671193.0
1562635921.0
1562548772.0
1562482014.0
1562403339.0
1562321663.0
1562296817.0
1562278399.0
1562252544.0
1562228112.0
1562211472.0
1562164958.0
1562153165.0
1562143201.0
1562115523.0
1562076181.0
1562064304.0
1562046725.0
1562039971.0
1562001613.0
1561957338.0
1561907104.0
1561897718.0
1561883963.0
1561870082.0
1561828556.0
1561819127.0
1561811807.0
1561798549.0
1561722071.0
1561608789.0
1561560776.0
1561466599.0
1561454585.0
1561429969.0
1561388059.0
1561339744.0
1561310250.0
1561259261.0
1561216519.0
1561170184.0
1561115602.0
1561095955.0
1561040323.0
1561016214.0
1560992498.0
1560940811.0
1560927497.0
1560912057.0
1560875483.0
1560867982.0
1560859738.0
1560854013.0
1560847920.0
1560835984.0
1560801780.0
1560765493.0
1560758161.0
1560749426.0
