1564969042.0
1564967695.0
1564966557.0
1564965922.0
1564965298.0
1564964732.0
1564962392.0
1564959725.0
1564949699.0
1564946488.0
1564942209.0
1564940400.0
1564939096.0
1564936964.0
1564935748.0
1564935141.0
1564932944.0
1564932090.0
1564930535.0
1564929185.0
1564928704.0
1564927410.0
1564925891.0
1564925130.0
1564922617.0
1564919750.0
1564919016.0
1564917551.0
1564915587.0
1564914602.0
1564912879.0
1564911823.0
1564911293.0
1564910899.0
1564909822.0
1564908763.0
1564907759.0
1564907305.0
1564906253.0
1564904656.0
1564901795.0
1564900433.0
1564899751.0
1564899045.0
1564898127.0
1564896574.0
1564896110.0
1564894684.0
1564894057.0
1564892636.0
1564891943.0
1564890926.0
1564889914.0
1564889332.0
1564888932.0
1564888100.0
1564887340.0
1564886924.0
1564886103.0
1564885432.0
1564884022.0
1564882503.0
1564882073.0
1564881813.0
1564880810.0
1564878810.0
1564875475.0
1564874213.0
1564872036.0
1564861090.0
1564856382.0
1564853486.0
1564852679.0
1564851019.0
1564850648.0
1564849884.0
1564849314.0
1564847870.0
1564846544.0
1564845507.0
1564844110.0
1564843273.0
1564842065.0
1564840710.0
1564839448.0
1564838335.0
1564836941.0
1564836580.0
1564834424.0
1564831986.0
1564831263.0
1564830396.0
1564828429.0
1564828362.0
1564827595.0
1564826770.0
1564825995.0
1564823638.0
1564822395.0
1564820467.0
1564818958.0
1564816699.0
1564816127.0
1564814838.0
1564814026.0
1564813219.0
1564812023.0
1564811365.0
1564810062.0
1564809471.0
1564808679.0
1564808088.0
1564807658.0
1564806858.0
1564805562.0
1564804748.0
1564803313.0
1564802451.0
1564801632.0
1564800898.0
1564800425.0
1564799779.0
1564799141.0
1564798795.0
1564798670.0
1564798147.0
1564797807.0
1564797577.0
1564797475.0
1564796915.0
1564796740.0
1564796529.0
1564796347.0
1564796189.0
1564796133.0
1564795987.0
1564795864.0
1564795801.0
1564795719.0
1564795702.0
1564795689.0
1564795133.0
1564794447.0
1564793115.0
1564791662.0
1564790587.0
1564783278.0
1564768603.0
1564766056.0
1564764614.0
1564763202.0
1564761755.0
1564760499.0
1564758236.0
1564756046.0
1564753417.0
1564751623.0
1564748495.0
1564747283.0
1564746504.0
1564743947.0
1564742211.0
1564741543.0
1564740800.0
1564739171.0
1564737896.0
1564736942.0
1564736476.0
1564736096.0
1564735318.0
1564734839.0
1564733696.0
1564732299.0
1564731517.0
1564730869.0
1564729420.0
1564729065.0
1564728420.0
1564727732.0
1564726763.0
1564725823.0
1564725002.0
1564723446.0
1564722441.0
1564722104.0
1564721437.0
1564720874.0
1564720364.0
1564719394.0
1564718293.0
1564717167.0
1564716443.0
1564715737.0
1564715407.0
1564714989.0
1564714496.0
1564714102.0
