1564960857.0
1564929810.0
1564928375.0
1564924573.0
1564917999.0
1564913688.0
1564910576.0
1564905095.0
1564891293.0
1564884444.0
1564859522.0
1564844097.0
1564837569.0
1564832512.0
1564823632.0
1564814620.0
1564803581.0
1564792221.0
1564759107.0
1564752259.0
1564742269.0
1564738549.0
1564724629.0
1564720992.0
1564718605.0
1564715334.0
1564708049.0
1564700405.0
1564681707.0
1564677792.0
1564672626.0
1564660908.0
1564647997.0
1564645736.0
1564641172.0
1564638511.0
1564634999.0
1564629697.0
1564624273.0
1564602438.0
1564587786.0
1564582586.0
1564577437.0
1564571226.0
1564563789.0
1564556733.0
1564549858.0
1564545104.0
1564540667.0
1564533138.0
1564514113.0
1564502675.0
1564501258.0
1564493959.0
1564489929.0
1564486720.0
1564481546.0
1564476654.0
1564471332.0
1564467649.0
1564465386.0
1564463369.0
1564461586.0
1564458998.0
1564456217.0
1564453188.0
1564451518.0
1564449628.0
1564443262.0
1564442085.0
1564419069.0
1564416859.0
1564415123.0
1564412404.0
1564407912.0
1564405926.0
1564402543.0
1564392485.0
1564387335.0
1564385381.0
1564380210.0
1564368285.0
1564361600.0
1564346522.0
1564338466.0
1564325478.0
1564321774.0
1564311777.0
1564297267.0
1564286273.0
1564276527.0
1564246844.0
1564237563.0
1564213377.0
1564207482.0
1564194497.0
1564164188.0
1564152254.0
1564146283.0
1564130710.0
1564125250.0
1564114659.0
1564109770.0
1564103933.0
1564071676.0
1564059459.0
1564051646.0
1564040216.0
1564033785.0
1564032157.0
1564028846.0
1564020972.0
1564011103.0
1563983893.0
1563976995.0
1563954742.0
1563936283.0
1563929058.0
1563903823.0
1563886292.0
1563875535.0
1563863817.0
1563855789.0
1563851643.0
1563847176.0
1563843078.0
1563831828.0
1563807993.0
1563793353.0
1563780521.0
1563773104.0
1563762790.0
1563759938.0
1563754043.0
1563723289.0
1563722288.0
1563720085.0
1563707818.0
1563700673.0
1563690546.0
1563682675.0
1563670043.0
1563645228.0
1563641508.0
1563636572.0
1563634979.0
1563632627.0
1563630768.0
1563629449.0
1563621734.0
1563615718.0
1563602612.0
1563593486.0
1563586933.0
1563577210.0
1563540859.0
1563536259.0
1563533944.0
1563524147.0
1563517304.0
1563509765.0
1563505089.0
1563475227.0
1563459960.0
1563441114.0
1563439223.0
1563433350.0
1563425394.0
1563423927.0
1563419446.0
1563418095.0
1563417303.0
1563413601.0
1563406803.0
1563389514.0
1563377020.0
1563372155.0
1563368304.0
1563365508.0
1563356306.0
1563355234.0
1563341111.0
1563330316.0
1563326083.0
1563321166.0
1563312961.0
1563293004.0
1563286068.0
1563272651.0
1563259391.0
1563252255.0
1563249268.0
1563247869.0
1563246733.0
1563243996.0
1563239477.0
1563206413.0
1563201155.0
1563200314.0
