1564886567.0
1564844376.0
1564832691.0
1564802442.0
1564787175.0
1564764799.0
1564746064.0
1564711588.0
1564637699.0
1564628741.0
1564625163.0
1564615462.0
1564569074.0
1564551167.0
1564536215.0
1564498897.0
1564472764.0
1564447895.0
1564395716.0
1564339314.0
1564325878.0
1564285127.0
1564244665.0
1564231042.0
1564208859.0
1564192629.0
1564156693.0
1564144677.0
1564138562.0
1564124802.0
1564112058.0
1564105229.0
1564084635.0
1564058182.0
1564051236.0
1564038156.0
1564022090.0
1563986505.0
1563948272.0
1563938801.0
1563934433.0
1563928351.0
1563903671.0
1563877099.0
1563867554.0
1563849154.0
1563847172.0
1563841550.0
1563814457.0
1563804121.0
1563785353.0
1563775644.0
1563767883.0
1563757349.0
1563730751.0
1563721901.0
1563711611.0
1563666087.0
1563646589.0
1563638570.0
1563625201.0
1563619422.0
1563609914.0
1563586597.0
1563564443.0
1563543757.0
1563534102.0
1563514109.0
1563506193.0
1563468800.0
1563465532.0
1563434432.0
1563421679.0
1563416942.0
1563386218.0
1563373798.0
1563367720.0
1563362862.0
1563356468.0
1563351776.0
1563347721.0
1563343792.0
1563341031.0
1563336923.0
1563333208.0
1563330226.0
1563327895.0
1563324884.0
1563317385.0
1563295949.0
1563289506.0
1563282175.0
1563273735.0
1563268764.0
1563264191.0
1563255389.0
1563248403.0
1563245543.0
1563242644.0
1563241340.0
1563239664.0
1563237356.0
1563233037.0
1563212267.0
1563209448.0
1563205054.0
1563199983.0
1563197632.0
1563195791.0
1563190809.0
1563189265.0
1563187658.0
1563186690.0
1563184339.0
1563183464.0
1563182748.0
1563181646.0
1563180579.0
1563179782.0
1563179072.0
1563178282.0
1563176550.0
1563175557.0
1563175129.0
1563173860.0
1563172381.0
1563170695.0
1563169441.0
1563168960.0
1563168506.0
1563167610.0
1563166804.0
1563166312.0
1563165222.0
1563164649.0
1563163559.0
1563163310.0
1563162784.0
1563162617.0
1563161645.0
1563161124.0
1563160669.0
1563159926.0
1563159614.0
1563158989.0
1563158552.0
1563157683.0
1563157290.0
1563157040.0
1563156501.0
1563155866.0
1563155109.0
1563154569.0
1563153918.0
1563153409.0
1563152283.0
1563152018.0
1563151686.0
1563151213.0
1563150900.0
1563150576.0
1563149738.0
1563149033.0
1563148605.0
1563147055.0
1563146274.0
1563144344.0
1563143940.0
1563139849.0
1563135765.0
1563134381.0
1563133801.0
1563133312.0
1563132584.0
1563131708.0
1563131483.0
1563131208.0
1563130858.0
1563130618.0
1563130524.0
1563130344.0
1563130208.0
1563130059.0
1563129785.0
1563129695.0
1563129573.0
1563129457.0
1563129274.0
1563129204.0
1563129111.0
1563129030.0
1563128988.0
1563128919.0
1563128864.0
1563128783.0
1563128693.0
1563128602.0
1563128504.0
1563128369.0
