1564968490.0
1564965671.0
1564964221.0
1564962687.0
1564959680.0
1564943516.0
1564942230.0
1564940568.0
1564938565.0
1564936981.0
1564935044.0
1564933817.0
1564931916.0
1564930488.0
1564929397.0
1564928335.0
1564927728.0
1564927206.0
1564925959.0
1564924546.0
1564923214.0
1564922510.0
1564922277.0
1564920775.0
1564920039.0
1564919016.0
1564917489.0
1564915933.0
1564914936.0
1564913563.0
1564913088.0
1564912031.0
1564910841.0
1564909960.0
1564909534.0
1564908573.0
1564907997.0
1564907312.0
1564906132.0
1564905648.0
1564904072.0
1564903057.0
1564901795.0
1564899912.0
1564898826.0
1564897607.0
1564895311.0
1564894217.0
1564892723.0
1564891943.0
1564890349.0
1564889920.0
1564889145.0
1564888397.0
1564887482.0
1564886472.0
1564885627.0
1564884860.0
1564883398.0
1564881580.0
1564880507.0
1564879347.0
1564877541.0
1564872960.0
1564868604.0
1564861759.0
1564860148.0
1564855552.0
1564852333.0
1564849451.0
1564848209.0
1564847103.0
1564845418.0
1564844621.0
1564843789.0
1564842609.0
1564842260.0
1564840898.0
1564840122.0
1564837815.0
1564836886.0
1564835811.0
1564834501.0
1564832607.0
1564831808.0
1564829874.0
1564829189.0
1564827126.0
1564825784.0
1564824860.0
1564823981.0
1564823538.0
1564821841.0
1564820506.0
1564819455.0
1564818692.0
1564817074.0
1564815585.0
1564814916.0
1564813689.0
1564813082.0
1564812354.0
1564811957.0
1564809087.0
1564806547.0
1564805809.0
1564804961.0
1564804190.0
1564803274.0
1564801828.0
1564801445.0
1564800714.0
1564799501.0
1564798807.0
1564798165.0
1564797667.0
1564796712.0
1564795893.0
1564795697.0
1564795380.0
1564794757.0
1564793441.0
1564792441.0
1564790386.0
1564786436.0
1564782265.0
1564773754.0
1564770622.0
1564765528.0
1564763971.0
1564762717.0
1564762305.0
1564761783.0
1564760726.0
1564759189.0
1564758329.0
1564757492.0
1564756532.0
1564755423.0
1564754880.0
1564753685.0
1564752039.0
1564749238.0
1564747861.0
1564746131.0
1564745433.0
1564744240.0
1564743497.0
1564742736.0
1564742266.0
1564741021.0
1564740049.0
1564739521.0
1564738525.0
1564737327.0
1564736256.0
1564735023.0
1564734216.0
1564733372.0
1564733139.0
1564732037.0
1564731332.0
1564729689.0
1564729011.0
1564727894.0
1564727122.0
1564726339.0
1564725784.0
1564723998.0
1564723153.0
1564722000.0
1564721163.0
1564720573.0
1564719842.0
1564718881.0
1564718043.0
1564717678.0
1564716583.0
1564716291.0
1564715938.0
1564715514.0
1564715137.0
1564714865.0
1564714523.0
1564714341.0
1564713932.0
1564713401.0
1564712201.0
1564711588.0
1564711105.0
1564710840.0
1564710466.0
1564709884.0
1564709594.0
1564709030.0
1564707857.0
1564707066.0
1564706550.0
1564706338.0
