1564940088.0
1564936506.0
1564934480.0
1564923343.0
1564899986.0
1564855469.0
1564835177.0
1564825018.0
1564759591.0
1564753109.0
1564741669.0
1564729909.0
1564723658.0
1564709333.0
1564661205.0
1564633496.0
1564577686.0
1564568961.0
1564556205.0
1564548081.0
1564539119.0
1564505647.0
1564479041.0
1564457238.0
1564427927.0
1564410519.0
1564407464.0
1564395581.0
1564380840.0
1564373746.0
1564371006.0
1564367220.0
1564363375.0
1564361387.0
1564357136.0
1564335648.0
1564331496.0
1564328917.0
1564283915.0
1564229198.0
1564160645.0
1564115882.0
1564005613.0
1563884150.0
1563819601.0
1563761234.0
1563634239.0
1563595567.0
1563546330.0
1563514566.0
1563506708.0
1563494456.0
1563449978.0
1563396443.0
1563358076.0
1563336336.0
1563325111.0
1563287587.0
1563269688.0
1563255749.0
1563246476.0
1563228653.0
1563206001.0
1563201140.0
1563171932.0
1563151981.0
1563150210.0
1563101882.0
1563060494.0
1563009314.0
1562993725.0
1562972511.0
1562898677.0
1562847799.0
1562829747.0
1562809381.0
1562749281.0
1562731101.0
1562686991.0
1562652995.0
1562633588.0
1562588070.0
1562564935.0
1562558306.0
1562511133.0
1562462595.0
1562392127.0
1562343084.0
1562298042.0
1562268881.0
1562248006.0
1562231345.0
1562212917.0
1562201297.0
1562168455.0
1562143499.0
1562131166.0
1562083144.0
1562039111.0
1561997102.0
1561981866.0
1561956776.0
1561946860.0
1561941046.0
1561918362.0
1561909093.0
1561868983.0
1561857530.0
1561822038.0
1561792185.0
1561741980.0
1561618388.0
1561544995.0
1561488545.0
1561469664.0
1561431254.0
1561338767.0
1561266913.0
1561224480.0
1561124824.0
1561099152.0
1561058533.0
1560940547.0
1560887344.0
1560813785.0
1560784941.0
1560703382.0
1560670560.0
1560593811.0
1560512163.0
1560493640.0
1560364586.0
1560322194.0
1560192624.0
1560167520.0
1560132188.0
1560075733.0
1560062017.0
1559909572.0
1559818812.0
1559746182.0
1559700134.0
1559624118.0
1559612078.0
1559533283.0
1559461555.0
1559354991.0
1559276431.0
1559216422.0
1559183434.0
1559154704.0
1559140714.0
1559105998.0
1559085877.0
1559026225.0
1558964621.0
1558931680.0
1558923987.0
1558919581.0
1558897656.0
1558845037.0
1558832426.0
1558820189.0
1558802681.0
1558797774.0
1558716983.0
1558688214.0
1558632963.0
1558596135.0
1558539794.0
1558503562.0
1558492709.0
1558464474.0
1558445724.0
1558325664.0
1558307700.0
1558261167.0
1558167349.0
1558077770.0
1558052096.0
1558010694.0
1557982849.0
1557911880.0
1557846087.0
1557815136.0
1557796773.0
1557770001.0
1557753792.0
1557731647.0
1557722707.0
1557709854.0
