1564810325.0
1564641415.0
1564328889.0
1564207252.0
1564103987.0
1564044552.0
1564029428.0
1564017619.0
1563988846.0
1563976253.0
1563896814.0
1563624792.0
1563537982.0
1563249099.0
1563082687.0
1563029298.0
1562826128.0
1562804588.0
1562563575.0
1562486737.0
1562379720.0
1562306565.0
1562292971.0
1562238652.0
1562172755.0
1562125870.0
1562113489.0
1562087537.0
1562038637.0
1561994828.0
1561964368.0
1561878141.0
1561781320.0
1561451829.0
1561222961.0
1560928058.0
1560483605.0
1560367044.0
1559994851.0
1559865233.0
1559782460.0
1559613638.0
1559554164.0
1559536024.0
1559443286.0
1559359625.0
1559314838.0
1559291328.0
1559285563.0
1559223157.0
1559211500.0
1559018294.0
1558857895.0
1558787231.0
1558588800.0
1558186042.0
1558023727.0
1557803213.0
1557579003.0
1557385553.0
1557310259.0
1557028381.0
1556635723.0
1556617671.0
1556611709.0
1556463345.0
1556296305.0
1556245983.0
1555827777.0
1555463654.0
1555135752.0
1554953670.0
1554886518.0
1554795881.0
1554680329.0
1554539196.0
1554254938.0
1554084703.0
1553741745.0
1553171738.0
1552952506.0
1552905203.0
1552895756.0
1552737299.0
1552560684.0
1552013227.0
1551363294.0
1550997032.0
1550811361.0
1550419212.0
1550190202.0
1550121985.0
1548594610.0
1548269262.0
1548068382.0
1547970771.0
1547882725.0
1547782259.0
1547626590.0
1547555258.0
1547120989.0
1546314076.0
1546053832.0
1546053831.0
1546053830.0
1546053829.0
1546053827.0
1545655047.0
1545183825.0
1544865508.0
1544613980.0
1544265762.0
1544103249.0
1542985091.0
1542547982.0
1542008144.0
1541679958.0
1541588791.0
1541307850.0
1540906042.0
1540689024.0
1540614628.0
1540522925.0
1540050531.0
1539921556.0
1539416879.0
1539070093.0
1538541940.0
1538188418.0
1538062068.0
1537919254.0
1537512469.0
1537356791.0
1537321231.0
1537185923.0
1536827199.0
1536294168.0
1536140276.0
1536045860.0
1535990458.0
1535962943.0
1535889048.0
1535681329.0
1535420738.0
1535039626.0
1534937731.0
1534812959.0
1534673834.0
1534576926.0
1534501553.0
1534487371.0
1534065800.0
1533816869.0
1533658055.0
1533446589.0
1533020136.0
1532952201.0
1532940073.0
1532753508.0
1532564252.0
1531842051.0
1531654166.0
1531458463.0
1531010773.0
1530766883.0
1530436461.0
1530239042.0
1529755440.0
1529448810.0
1529114948.0
1528346205.0
1527894914.0
1527589512.0
1527490219.0
1527299495.0
1527223953.0
1527130408.0
1527066549.0
1527049457.0
1526999661.0
1526995826.0
1526968334.0
1526961764.0
1526952666.0
1526909566.0
1526902084.0
1526877703.0
1526872758.0
1526866821.0
1526806084.0
1526667686.0
1526539473.0
1526437448.0
1526349096.0
1526289654.0
1526271985.0
1526214796.0
1526131554.0
