1563059037.0
1561222387.0
1560730010.0
1559606550.0
1557969491.0
1557735045.0
1557127518.0
1555167533.0
1553475272.0
1552990371.0
1550486130.0
1550139132.0
1544557603.0
1543829857.0
1540886084.0
1540372362.0
1539766564.0
1538656206.0
1537874368.0
1536735077.0
1535770965.0
1535631904.0
1533105596.0
1531727084.0
1530343697.0
1527694879.0
1526976236.0
1525755744.0
1525417867.0
1523242026.0
1523097775.0
1522833545.0
1522683510.0
1522391851.0
1521919235.0
1520237722.0
1516366316.0
1515337352.0
1512261914.0
1510051464.0
1506958032.0
1506006761.0
1505915987.0
1504322304.0
1502327444.0
1501255753.0
1499408357.0
1495985127.0
1493437866.0
1492535947.0
1491667961.0
1490540611.0
1489978470.0
1485513169.0
1483691504.0
1482401860.0
1480329016.0
1479518318.0
1476235158.0
1475433607.0
1475221322.0
1473692834.0
1472334746.0
1469069737.0
1467892350.0
1464931153.0
1460428235.0
1459505099.0
1458117050.0
1457665744.0
1456933005.0
1456133504.0
1454493349.0
1454333011.0
1453563526.0
1451239093.0
1449089107.0
1447657944.0
1445572974.0
1442930961.0
1442759378.0
1441594038.0
1440643519.0
1440048810.0
1439429781.0
1438776143.0
1438245817.0
1437092335.0
1435801692.0
1435498324.0
1435065272.0
1434879540.0
1433923152.0
1431600243.0
1426924593.0
1424403114.0
1421741228.0
1418831045.0
1416951595.0
1415286635.0
1410436521.0
1407089251.0
1402466721.0
1399997789.0
1398350896.0
1396239169.0
1394644520.0
1393335281.0
1393302284.0
1393292530.0
1393269821.0
1393257784.0
1388434422.0
1386925706.0
1383635016.0
1382685722.0
1380975398.0
1378179933.0
1372358590.0
1370099707.0
1346987140.0
1308543257.0
