1564963922.0
1564961779.0
1564953368.0
1564944690.0
1564936691.0
1564933532.0
1564929647.0
1564922609.0
1564919352.0
1564917837.0
1564914816.0
1564912879.0
1564911698.0
1564910620.0
1564907391.0
1564904740.0
1564899700.0
1564896320.0
1564894378.0
1564891716.0
1564889693.0
1564887555.0
1564885251.0
1564884013.0
1564880039.0
1564879292.0
1564868702.0
1564854109.0
1564848927.0
1564844529.0
1564842489.0
1564839022.0
1564837841.0
1564834024.0
1564833479.0
1564826089.0
1564822641.0
1564816038.0
1564813149.0
1564811270.0
1564808107.0
1564804633.0
1564803845.0
1564802980.0
1564799331.0
1564797580.0
1564796745.0
1564794971.0
1564793137.0
1564790522.0
1564774958.0
1564766213.0
1564764583.0
1564761744.0
1564758779.0
1564756744.0
1564754531.0
1564752516.0
1564746775.0
1564743652.0
1564741660.0
1564736955.0
1564735449.0
1564734472.0
1564730237.0
1564729315.0
1564726643.0
1564725691.0
1564724154.0
1564722985.0
1564722583.0
1564720854.0
1564719437.0
1564719100.0
1564717126.0
1564715213.0
1564714043.0
1564713179.0
1564712116.0
1564710801.0
1564708536.0
1564706604.0
1564701843.0
1564695558.0
1564685096.0
1564677970.0
1564674743.0
1564672162.0
1564670411.0
1564667740.0
1564666529.0
1564665819.0
1564658223.0
1564654369.0
1564651510.0
1564648035.0
1564647189.0
1564645625.0
1564643565.0
1564642187.0
1564641354.0
1564639389.0
1564638595.0
1564636931.0
1564636183.0
1564634175.0
1564632704.0
1564631806.0
1564629799.0
1564628372.0
1564627115.0
1564625766.0
1564624207.0
1564623798.0
1564621274.0
1564618695.0
1564614737.0
1564601230.0
1564597543.0
1564593224.0
1564588045.0
1564586416.0
1564586034.0
1564584566.0
1564582765.0
1564582309.0
1564577404.0
1564574277.0
1564570864.0
1564569952.0
1564568032.0
1564566029.0
1564564485.0
1564562936.0
1564562116.0
1564560558.0
1564558560.0
1564556424.0
1564554945.0
1564552647.0
1564552166.0
1564550849.0
1564548535.0
1564545421.0
1564543687.0
1564542603.0
1564540859.0
1564540221.0
1564538725.0
1564538233.0
1564537920.0
1564536722.0
1564534492.0
1564533804.0
1564532405.0
1564528660.0
1564509436.0
1564506687.0
1564503214.0
1564500408.0
1564498878.0
1564496866.0
1564495462.0
1564493312.0
1564493132.0
