1564934745.0
1564914141.0
1564910336.0
1564901795.0
1564848592.0
1564830469.0
1564820250.0
1564808806.0
1564789702.0
1564761129.0
1564756853.0
1564741925.0
1564733943.0
1564731841.0
1564729498.0
1564720707.0
1564715137.0
1564710635.0
1564700048.0
1564668641.0
1564653850.0
1564647929.0
1564645547.0
1564643041.0
1564629697.0
1564624071.0
1564561400.0
1564555602.0
1564547488.0
1564543966.0
1564540058.0
1564538377.0
1564537821.0
1564536358.0
1564531932.0
1564501310.0
1564483920.0
1564473608.0
1564460383.0
1564456078.0
1564452889.0
1564449760.0
1564431076.0
1564404836.0
1564385948.0
1564379371.0
1564370357.0
1564338802.0
1564328129.0
1564324126.0
1564306209.0
1564290293.0
1564281496.0
1564272338.0
1564247976.0
1564239426.0
1564228928.0
1564215201.0
1564204435.0
1564197958.0
1564190420.0
1564166834.0
1564151030.0
1564126244.0
1564122934.0
1564119818.0
1564113494.0
1564112942.0
1564109516.0
1564102209.0
1564070610.0
1564059098.0
1564052642.0
1564043542.0
1564028602.0
1564024070.0
1564020970.0
1564019624.0
1564017328.0
1564015194.0
1564013713.0
1563976583.0
1563969602.0
1563953958.0
1563947095.0
1563933668.0
1563928870.0
1563902065.0
1563891793.0
1563885710.0
1563872701.0
1563870914.0
1563866616.0
1563861651.0
1563856910.0
1563846844.0
1563825169.0
1563804298.0
1563785121.0
1563772189.0
1563764801.0
1563761361.0
1563718335.0
1563710563.0
1563688586.0
1563676867.0
1563639663.0
1563627063.0
1563602396.0
1563592124.0
1563555201.0
1563533733.0
1563528570.0
1563526890.0
1563520600.0
1563515571.0
1563512750.0
1563506243.0
1563500864.0
1563470501.0
1563456193.0
1563442312.0
1563436777.0
1563430442.0
1563413910.0
1563381458.0
1563366281.0
1563357181.0
1563350895.0
1563340621.0
1563327082.0
1563323315.0
1563285911.0
1563277229.0
1563265529.0
1563262980.0
1563253451.0
1563249055.0
1563244815.0
1563242219.0
1563238354.0
1563231871.0
1563214610.0
1563202360.0
1563198950.0
1563194645.0
1563188810.0
1563178857.0
1563174819.0
1563169196.0
1563164432.0
1563160925.0
1563158820.0
1563156442.0
1563152099.0
1563141291.0
1563124598.0
1563112862.0
1563105961.0
1563100361.0
1563084224.0
1563076749.0
1563068022.0
1563044058.0
1563029505.0
1563026177.0
1563014735.0
1563003535.0
1562999724.0
1562989151.0
1562976713.0
1562946325.0
1562934080.0
1562931897.0
1562914559.0
1562909057.0
1562903129.0
1562899322.0
1562894851.0
1562863475.0
1562851715.0
1562839268.0
1562832330.0
1562823337.0
1562813111.0
1562805855.0
1562795366.0
1562775487.0
1562767626.0
1562750965.0
1562740683.0
1562720390.0
1562692328.0
1562680876.0
