1564890567.0
1564816849.0
1564807458.0
1564794579.0
1564767923.0
1564760820.0
1564746363.0
1564736955.0
1564720493.0
1564709504.0
1564665922.0
1564658920.0
1564639116.0
1564625347.0
1564601230.0
1564566818.0
1564559945.0
1564552431.0
1564539610.0
1564503771.0
1564476164.0
1564469449.0
1564454848.0
1564402114.0
1564391420.0
1564377282.0
1564367795.0
1564325663.0
1564306772.0
1564273307.0
1564254067.0
1564237393.0
1564223665.0
1564148048.0
1564062258.0
1564046375.0
1564023775.0
1564017198.0
1563972787.0
1563955579.0
1563861449.0
1563847900.0
1563784842.0
1563758303.0
1563727022.0
1563687217.0
1563670833.0
1563640507.0
1563617462.0
1563538567.0
1563523286.0
1563512975.0
1563459482.0
1563428171.0
1563419064.0
1563370146.0
1563338729.0
1563275186.0
1563218097.0
1563187802.0
1563156862.0
1563091819.0
1563082449.0
1563046542.0
1563005031.0
1562978665.0
1562934226.0
1562915742.0
1562855159.0
1562830869.0
1562803353.0
1562766180.0
1562750340.0
1562722523.0
1562682314.0
1562643812.0
1562598433.0
1562570242.0
1562558811.0
1562545832.0
1562491243.0
1562480768.0
1562460950.0
1562422075.0
1562407676.0
1562385229.0
1562339762.0
1562303661.0
1562282473.0
1562249612.0
1562230796.0
1562185261.0
1562150212.0
1562127751.0
1562112308.0
1562060234.0
1562041539.0
1562029173.0
1562004016.0
1561974124.0
1561968682.0
1561959287.0
1561945763.0
1561906147.0
1561887156.0
1561849705.0
1561795255.0
1561784323.0
1561749835.0
1561698337.0
1561646807.0
1561632704.0
1561617855.0
1561605700.0
1561549848.0
1561526012.0
1561518226.0
1561475725.0
1561447018.0
1561422208.0
1561368707.0
1561342981.0
1561274641.0
1561265863.0
1561205349.0
1561171559.0
1561116051.0
1561107245.0
1561087937.0
1561076098.0
1561041100.0
1561034664.0
1561020310.0
1561015569.0
1560993129.0
1560953700.0
1560923413.0
1560862400.0
1560803896.0
1560776813.0
1560747728.0
1560726365.0
1560701842.0
1560696594.0
1560681207.0
1560670633.0
1560641498.0
1560604278.0
1560597547.0
1560591198.0
1560529530.0
1560512231.0
1560497900.0
1560489272.0
1560466115.0
1560426484.0
1560419011.0
1560407811.0
1560394810.0
1560343878.0
1560332560.0
1560307662.0
1560266047.0
1560201151.0
1560176551.0
1560158690.0
1560141733.0
1560088640.0
1560078941.0
1560065822.0
1560044031.0
1560010628.0
1560001478.0
1559995855.0
1559984736.0
1559965183.0
1559951818.0
1559944134.0
1559909642.0
1559899248.0
1559887983.0
1559883032.0
1559874038.0
1559870948.0
1559858806.0
1559827771.0
1559816403.0
1559803673.0
1559797089.0
1559788428.0
1559776845.0
1559735940.0
1559694973.0
1559649807.0
1559638429.0
1559610080.0
1559573955.0
1559560725.0
1559560176.0
