1564892318.0
1564855098.0
1564840872.0
1564775566.0
1564745755.0
1564734144.0
1564674173.0
1564651738.0
1564633287.0
1564626188.0
1564572697.0
1564545698.0
1564539850.0
1564508962.0
1564456884.0
1564398848.0
1564387168.0
1564367913.0
1564323492.0
1564271042.0
1564220413.0
1564201023.0
1564187185.0
1564142698.0
1564124965.0
1564114269.0
1564106363.0
1564050606.0
1564028595.0
1564016879.0
1563982410.0
1563968818.0
1563939105.0
1563902356.0
1563875615.0
1563867172.0
1563853534.0
1563844006.0
1563807639.0
1563794627.0
1563784113.0
1563764212.0
1563722866.0
1563677644.0
1563629684.0
1563565819.0
1563438826.0
1563419551.0
1563408213.0
1563356069.0
1563288019.0
1563248773.0
1563157247.0
1563113384.0
1563080055.0
1563077914.0
1563006773.0
1562918749.0
1562892573.0
1562820267.0
1562757808.0
1562716676.0
1562658195.0
1562606693.0
1562575579.0
1562556751.0
1562549295.0
1562548166.0
1562505437.0
1562483609.0
1562473137.0
1562451703.0
1562391399.0
1562380837.0
1562332295.0
1562308600.0
1562288594.0
1562228498.0
1562208541.0
1562124613.0
1562089352.0
1562079005.0
1562059786.0
1562028656.0
1561980343.0
1561933554.0
1561855765.0
1561809742.0
1561789471.0
1561773313.0
1561708100.0
1561632362.0
1561612654.0
1561559332.0
1561526797.0
1561456033.0
1561441077.0
1561390176.0
1561360943.0
1561360419.0
1561359060.0
1561312946.0
1561278074.0
1561132502.0
1561112885.0
1561090359.0
1561028943.0
1560963506.0
1560945490.0
1560915933.0
1560874101.0
1560825108.0
1560769309.0
1560763346.0
1560752143.0
1560744091.0
1560686713.0
1560661044.0
1560618597.0
1560605092.0
1560581176.0
1560568913.0
1560557787.0
1560536009.0
1560525016.0
1560513840.0
1560498618.0
1560479264.0
1560441518.0
1560439059.0
1560410088.0
1560372971.0
1560342679.0
1560312551.0
1560290483.0
1560258624.0
1560242961.0
1560206845.0
1560136025.0
1560134011.0
1560127546.0
1560125540.0
1560091529.0
1560055137.0
1560002587.0
1559924191.0
1559898117.0
1559893396.0
1559818464.0
1559805731.0
1559780009.0
1559730762.0
1559722846.0
1559696739.0
1559621290.0
1559568380.0
1559555495.0
1559522663.0
1559464273.0
1559445941.0
1559413951.0
1559384277.0
1559369968.0
1559320686.0
1559282062.0
1559266683.0
1559227054.0
1559207852.0
1559198344.0
1559187938.0
1559177064.0
1559122389.0
1559113495.0
1559102901.0
1559092281.0
1559053609.0
1559035503.0
1559017625.0
1558993068.0
1558969446.0
1558955104.0
1558929841.0
1558925389.0
1558921670.0
1558886973.0
1558860577.0
1558782039.0
1558752456.0
1558715043.0
1558706019.0
1558701587.0
1558679195.0
1558676129.0
1558658770.0
1558583671.0
1558536950.0
1558495953.0
1558441003.0
1558435503.0
