1564914409.0
1564879332.0
1564844714.0
1564832129.0
1564804446.0
1564784675.0
1564766656.0
1564764128.0
1564734944.0
1564726455.0
1564712393.0
1564707488.0
1564641140.0
1564633403.0
1564626902.0
1564587226.0
1564570894.0
1564558324.0
1564534448.0
1564510380.0
1564456130.0
1564412940.0
1564402340.0
1564388549.0
1564316384.0
1564303729.0
1564294513.0
1564235201.0
1564211697.0
1564135861.0
1564111043.0
1564035987.0
1564020900.0
1563939714.0
1563896554.0
1563853324.0
1563810940.0
1563739617.0
1563685391.0
1563645850.0
1563601281.0
1563526775.0
1563501878.0
1563438364.0
1563340461.0
1563262877.0
1563253311.0
1563240003.0
1563177437.0
1563155942.0
1563085041.0
1563078386.0
1563032704.0
1563000702.0
1562901918.0
1562894518.0
1562822354.0
1562808186.0
1562778466.0
1562749005.0
1562689263.0
1562657467.0
1562651242.0
1562643094.0
1562639884.0
1562595069.0
1562583834.0
1562550053.0
1562438477.0
1562397413.0
1562319688.0
1562237113.0
1562221129.0
1562203015.0
1562144902.0
1562130407.0
1562123072.0
1562077202.0
1562039397.0
1561970094.0
1561945602.0
1561883376.0
1561862972.0
1561713297.0
1561687713.0
1561611422.0
1561555137.0
1561514363.0
1561426158.0
1561364952.0
1561286716.0
1561226475.0
1561133898.0
1561011753.0
1560925329.0
1560910974.0
1560842093.0
1560817197.0
1560789360.0
1560765160.0
1560747347.0
1560733886.0
1560727485.0
1560704411.0
1560694874.0
1560691730.0
1560684710.0
1560681075.0
1560609318.0
1560571468.0
1560449595.0
1560382482.0
1560330690.0
1560259526.0
1560229219.0
1560173886.0
1560150921.0
1560033555.0
1560000706.0
1559967848.0
1559961578.0
1559949247.0
1559924493.0
1559905269.0
1559884160.0
1559830276.0
1559797605.0
1559757536.0
1559740000.0
1559723883.0
1559706173.0
1559674811.0
1559650966.0
1559641784.0
1559632430.0
1559614378.0
1559602854.0
1559567887.0
1559543432.0
1559528682.0
1559469745.0
1559324200.0
1559292705.0
1559180640.0
1559125424.0
1559051210.0
1558972434.0
1558949889.0
1558935048.0
1558923048.0
1558884635.0
1558854752.0
1558813740.0
1558797012.0
1558786675.0
1558774122.0
1558760981.0
1558747989.0
1558695618.0
1558685918.0
1558667650.0
1558616701.0
1558591238.0
1558585083.0
1558576137.0
1558573993.0
1558540543.0
1558527049.0
1558509474.0
1558500515.0
1558491600.0
1558446162.0
1558431542.0
1558408595.0
1558361994.0
1558344782.0
1558323499.0
1558302413.0
1558264887.0
1558237945.0
1558199541.0
1558173338.0
1558144408.0
1558109004.0
1558103351.0
1558066353.0
1558050750.0
1558026675.0
1558022299.0
1558011303.0
1558000664.0
1557989946.0
1557981250.0
1557974849.0
1557958943.0
1557934350.0
1557927862.0
1557920164.0
