1564815334.0
1564675308.0
1564477392.0
1564221787.0
1563897102.0
1563694401.0
1563386773.0
1563319973.0
1562980779.0
1562798856.0
1562399681.0
1562251798.0
1562214553.0
1561872211.0
1561515405.0
1561295078.0
1561109667.0
1560759200.0
1560508088.0
1559833898.0
1559220420.0
1559020271.0
1558447207.0
1557888511.0
1557592057.0
1556603229.0
1556366281.0
1556010171.0
1555766231.0
1555603071.0
1555505950.0
1555289608.0
1554876447.0
1554459529.0
1554029651.0
1553997207.0
1553824209.0
1553608951.0
1553466318.0
1553397292.0
1553315233.0
1552358988.0
1551530274.0
1551123516.0
1550999030.0
1550835184.0
1550670319.0
1550428069.0
1550220364.0
1550128543.0
1550024123.0
1549769678.0
1549681903.0
1549464682.0
1549422976.0
1549357430.0
1549320919.0
1549304954.0
1549299224.0
1549289812.0
1549280002.0
1549275594.0
1549271150.0
1549266233.0
1549263346.0
1549261649.0
1549260431.0
1549258678.0
1549257280.0
1549256325.0
1549256076.0
1549254688.0
1549253308.0
1549252841.0
1549249779.0
1549194465.0
1549071077.0
1548953149.0
1548427122.0
1547954086.0
1547863463.0
1547720333.0
1547651629.0
1547533901.0
1547301669.0
1546910903.0
1546591047.0
1546444469.0
1546258912.0
1546060065.0
1545589033.0
1544864866.0
1544502964.0
1543900671.0
1543522034.0
1543173094.0
1542868761.0
1542788389.0
1542601943.0
1542125334.0
1541645857.0
1541325005.0
1541163374.0
1540916122.0
1540734174.0
1540697550.0
1540606521.0
1540468933.0
1540357963.0
1539931467.0
1539695453.0
1539518608.0
1539062249.0
1538459212.0
1538395049.0
1538061371.0
1537921209.0
1537610582.0
1536985697.0
1536431933.0
1535879366.0
1535452498.0
1535119413.0
1534910259.0
1533545353.0
1532741527.0
1532428068.0
1532231814.0
1531980894.0
1531699223.0
1531460832.0
1530961260.0
1530618591.0
1530117870.0
1529979915.0
1529357561.0
1529153622.0
1528881799.0
1528690828.0
1528600783.0
1528517843.0
1528468441.0
1528425742.0
1528398844.0
1528369920.0
1528345833.0
1528304715.0
1528280603.0
1528247514.0
1527668629.0
1527236591.0
1526882658.0
1526797946.0
1526614860.0
1526460560.0
1526365214.0
1525934337.0
1525915195.0
1525741587.0
1525662951.0
1525426618.0
1525411248.0
1525160783.0
1524897253.0
1524755601.0
1524726988.0
1524384205.0
1524174138.0
1524102096.0
1523811741.0
1523355348.0
1522921491.0
1522484842.0
1522224903.0
1522206302.0
1521951226.0
1521531095.0
1521291705.0
1520329333.0
1519890727.0
1519475682.0
1519360158.0
1518792281.0
1518411908.0
1518292394.0
1518098518.0
1518035351.0
1517975539.0
1517938691.0
1517921902.0
1517906776.0
1517905768.0
1517887118.0
1517875670.0
1517862333.0
1517847583.0
1517837240.0
1517834473.0
